103.05065754154367
83.09250111467985
69.70785285069893
70.04785681933976
80.50345476993877
75.95409046550142
78.3351443903384
75.05121085150577
80.87670427585026
90.7039818041464
74.64065058120279
62.6650197064372
94.10649423396822
104.22345785128813
96.10837607143736
120.48559631956714
84.13165312966119
55.800619167888826
71.70293036728067
98.76875417052698
75.11941326823096
84.68048485741103
71.25015359257945
62.448643069163005
108.00608007206257
73.17062356674775
59.506353193910066
132.44581044297314
131.6077585403741
61.30800371165924
84.47499501561336
98.42098811824103
68.62324938344015
75.26949858482375
63.85586054781752
74.25204053663315
82.55739837616879
119.03506172506007
68.46803389047736
56.61348125826945
66.1055299696989
83.43810106490452
75.03382679532955
63.64483393339192
69.32983138179202
86.56672067433169
63.87306961928833
49.97328716266798
97.68418227295341
82.27578458880512
69.71608706551989
71.52869960807028
66.93654041567277
76.2423587273969
114.16417185236178
62.35698761909678
69.19175693620376
67.96247922807264
72.10399700536207
99.80027257599882
75.87824456788796
93.12855281428102
76.84112030960476
103.53822765955778
84.4317692320308
97.47144513772287
68.7115249988003
95.54206736381208
84.18655752486193
87.08835405310799
105.12040105440961
68.14078481139448
99.22642284827995
76.16336056356772
72.72893979779259
59.7727369739087
59.95119739712056
55.58414682970453
71.00286934344147
57.124120360668236
65.95824151726235
58.783665196630025
147.23679784762749
56.50315390804677
59.65710253985954
66.7412559382629
56.94297247586959
83.8409626805062
75.70739063882851
68.66996026852794
77.22850522870044
75.83560379343085
78.2393530562524
67.20647714943577
64.75349820614832
62.473123678528566
64.40122147699057
62.47948863007079
58.45064750906104
57.53777791862228
67.83855983321004
57.167452410198024
65.92886216248567
64.8262159738085
60.12565709966607
81.53310444042998
67.75650723090344
59.45873086166801
62.39001615000502
79.84292146517635
66.60611519642727
66.20207561684194
69.8586806343963
86.02721952874768
75.48422660128355
71.63776066087786
69.30596108636178
60.02343650197425
65.94298695849544
98.30058316386295
86.49514088424407
71.1260277896631
74.93644467450076
66.50557149847911
75.88494816071574
71.50189978971673
68.16722097415256
57.349049486279284
66.40337556431672
86.89065176192257
66.30576964125535
71.51216548134903
77.12262520550067
68.85195631870944
54.17456073438037
61.10625434073198
63.45300482162257
70.10359681001503
77.82959703063297
91.63969122909698
71.60615139055734
52.97786975057051
75.371393289169
83.93949478194556
87.65272676271331
66.74501336304252
60.104362557644976
62.94572847005889
74.3711259874534
65.52722915789765
82.40644771263563
50.309320898751615
74.38591898761645
65.44555350161856
69.1505026210639
66.96000794465517
56.753789539390134
65.84686803515635
71.54020040565842
63.714983837626434
74.6706832969663
68.17123417565013
89.58123338499301
86.7882881076454
91.02009134978782
84.7047269405453
68.09732991670585
80.26636828126362
75.38886895363534
75.64457722381941
86.53583545630416
79.17443290893279
69.65021146792569
77.1290140314509
73.56893063583463
87.27205900550165
102.08896766229068
66.0204533378779
99.6423463752136
94.3942291368069
83.13939536084516
86.62462517727758
57.21340391831802
70.8047948469121
96.35603882916075
80.90411130574422
93.95894581609404
64.39294111595134
74.8519999066378
73.68895210433702
79.47057738504597
74.34078766205758
67.23440689384977
70.80982417423567
77.25562800367487
72.64820560152647
81.49297968848194
56.171508154079206
79.5315388804138
64.17923649366232
77.7937346974935
71.58504326588945
76.21490077243223
70.4826824988406
92.85228214175427
88.04486090760183
81.68713519783934
66.71048682805566
68.35457842155866
53.884452754272765
73.89971637466657
58.93789248780087
66.77723873197421
68.98036371722507
54.43241802332062
60.69133398499562
54.618777736520144
67.73616637070376
72.55937445353791
73.59157300393053
71.17472139449823
67.02691336088168
59.315325148150535
104.31405801030664
79.17616144248413
86.30155543935805
63.21053208889242
60.773134308110386
67.54343115402521
62.934795851117286
65.55836845927752
73.12587042456217
67.4238563272928
69.37020209923261
79.2994062394538
63.81575202059615
85.5391981734463
79.09937679097767
61.96114699888767
57.048354551199765
58.35449687536756
63.313528822941684
67.80150113821612
59.305107235305776
55.88902125101779
75.16526243107424
78.10656848369284
83.15805207987911
84.47436997955229
58.96717604126411
77.16165697281947
67.49947977215369
61.39944744658796
57.768120317874505
69.23272629619385
105.57320737396128
52.577126900893994
67.85859583137426
60.361953465907995
66.74255011152465
77.26452500313204
64.52524497838778
71.88813963033999
69.49977120435936
85.23504949845933
87.48182858109497
82.23280588399888
73.34880757783094
46.07931190102139
80.70323604127927
90.0289873699146
63.62081979224713
74.35585533762696
83.36485591262718
66.70894656913742
85.61364377481028
68.00401449799622
58.436479400354806
73.6371142151179
67.20901202222952
102.8096652564679
79.84697151751634
67.77683007426269
67.43265435541021
69.31794790126042
65.79629056385902
65.47170427164883
72.30266476822369
77.67864040348096
65.087143407171
59.372579738173734
64.70417933931147
63.63872134503341
59.61909001610493
58.34497201234093
58.083055633772545
56.57893657033926
61.12012981892305
40.050583330690536
51.4307646192937
51.652286238340665
63.04933952337841
70.98995680176306
71.67610267051661
57.29718900094537
57.73554913902872
93.40463489147608
66.98532221813882
75.59705393452094
87.44753945842166
73.24419278657805
95.20970012919098
92.90421378944315
48.22418860837527
56.55731131939379
61.03718080842879
52.01746319347326
90.43001110816972
83.56595042468447
71.61131573485821
78.37952726727048
43.13357631108707
49.11316906168302
78.09963178302542
83.25005640057348
86.26156552349406
100.89463821114813
75.716116305203
63.86115320527424
70.61704314638963
64.03384927532376
70.26122566154515
60.31140295569193
78.70475318050825
88.91374689325315
77.16732848903246
78.46200727202553
59.099468729044844
46.124377206787464
46.10741947923583
80.62858200570547
87.76442416559199
67.11180137610963
87.29485234071923
97.29078833207058
77.14391069676915
72.51516964613873
78.71296547391604
92.86687020428356
69.06729120369748
86.22213096243965
74.93085382023965
59.46697515158675
69.35542310048746
67.14406602688906
68.22473829329326
63.676644678805104
89.59363100043139
61.0525985710996
65.83967110645864
55.67812350408002
65.89820905394612
70.42008681362111
74.88925839488198
60.678500768252704
78.55838296940598
61.38424144748965
62.287222211225085
65.39083497405657
75.46587894125906
59.26068739302512
54.58341271973226
49.46471992558701
60.36874596536625
45.329262862758696
64.18571671858085
53.932920261780325
80.23622360610864
59.749732625364246
72.97647114546962
53.896432553169504
56.805973673902
55.716239319571635
73.09520867256774
131.82384014058903
80.45103093036866
61.35195497782125
66.69107895994702
54.47584174682679
63.49667412355743
68.02720071780212
64.88340659259563
77.30739310832612
96.63750627417548
66.20613022014061
60.796283117263336
55.45823178528404
66.39189029482466
64.98811120181924
56.25080883244846
43.705740892917326
61.767546756725736
69.83239220164064
58.29108427047298
69.40223498637977
56.99334919665436
64.61693335591818
59.67559690793647
84.46026937216024
55.532586000768156
46.15470709701656
54.04588909366599
44.04075279508299
58.77951967159219
76.96690553042328
88.23310714963968
84.38193604606371
54.18491171813523
62.79516241872488
59.944655939814744
54.18087970895583
55.98491111769508
54.627827853767805
73.74002144678163
45.67019364910403
59.71027441590582
54.08186285199691
52.67559879258818
47.59118719628637
75.54399013570213
51.417881345078946
61.41658834802723
62.93138660001839
51.99787742885561
56.27466661890226
55.37378817462736
70.60297764000542
53.7301627614358
65.43111179568729
61.13810682985822
35.275264320997806
41.65119687876617
40.220217445693635
49.20804379683691
60.539286784538575
63.70005193105233
48.086556061396585
59.359267851415304
84.851677282498
43.82410687130671
62.231509891833966
63.549764405707414
67.67137607899632
90.28557732163556
63.407966960417646
80.8087185694362
73.98564119106184
64.09481607699908
86.97296749677459
71.6264420764465
75.49218928178749
82.12189231551807
65.68554468393445
71.66308983112874
63.47702595808722
56.1674435106791
66.40142371328413
64.99659192091816
69.73340571313958
74.99828423704038
50.51544898964107
67.64002672503221
54.80212912220871
71.43166713705487
43.9465756812638
48.47447029730735
52.822281890225504
67.81245979210594
52.762666398906404
57.84173188814779
61.19303896163174
61.03098020204383
68.31534833135005
70.98357992157715
57.24888963955738
70.171547415638
67.32630573707169
68.19543093902506
64.45060060888095
63.83313623969628
78.23619074097624
62.342959624931446
76.14540700024122
99.40738738010444
85.92458346693795
64.7940321997441
56.67907796990695
74.15070941787795
98.06341951292089
73.9496384887472
96.09323518454104
83.18683263014346
84.78782770154258
59.323377616507166
67.68944819953225
57.90545908209792
68.26481852123482
99.23751195597
99.33175328971487
73.09347765919831
88.5883666632854
102.46568906961814
81.36117449701298
107.84184011544687
80.35503907004173
77.83246006779716
70.28026851807826
78.05480661259672
108.20703617778922
114.71035446551076
87.60362956392878
60.22370791348411
70.59037026902234
72.16419643172414
81.80123242734784
122.21251143565523
66.52509224481429
126.66401478978463
95.83826671761327
107.772668804316
90.60287297140387
70.96645339545292
94.99379464239333
76.69872983369645
78.57305099956038
104.49434766711624
112.10728962802746
64.47658239148791
75.29179676675479
90.0320786457782
75.23242996169816
83.08541944154146
66.46358228349415
79.74078264126958
54.70826545077624
84.17246911306668
91.24726115099308
74.44260615382285
68.2746725399861
96.38135590621818
90.78898818057948
67.84677860394348
81.99376142815042
76.31126166112567
78.53980443624074
78.51202056165495
48.81374888470545
81.29338221081262
68.37801990341922
77.07170162436344
69.03790563875303
57.025170082509106
72.08419051700936
84.63745385500576
66.81508917507125
85.6098913566161
85.52783288493104
76.86350330650964
74.39726352523321
59.05348383795542
61.71348710657478
54.472144978179614
59.731227034363634
73.24881771283773
84.89443173427156
107.28028029972776
66.16339064789457
68.78334915935709
71.13540947681442
74.3033852055383
69.2406444093635
144.79766193357742
112.56117489702513
62.233323212939915
69.71563729374714
74.35984133601643
73.70785130705448
70.75697062926079
86.7084967775935
61.69728035204733
87.88448953225837
65.25371768354023
60.59640914134185
72.97159853740463
69.82894647527853
74.2904087043097
80.64267478447806
68.35938158333934
76.68775882614024
109.304203736339
88.54799011060916
60.864181137322205
74.77471526167199
96.16421165116438
83.77696782426646
78.49906422937126
62.06000534474405
70.07045259837705
105.60592339789443
91.20108217982377
90.61407814645378
81.62663026175993
70.11834974557372
78.44827901699162
85.21105588171933
89.88309988488965
87.3724758105836
108.45291428983262
71.71292074038413
78.71172812728284
85.73899611782932
89.43962288340714
70.81489861750288
89.15926656941582
68.85424029658762
72.2726914943517
