0.02961853432541966
0.00872857620322462
0.01675365521992069
0.02775991212891213
0.028406955837509375
0.04460693271618074
0.0030984274233834654
0.04722116300192264
0.003910488990549139
0.0027597065557956445
0.00463135647797963
0.03912443149400607
0.02619658504773757
0.01351192281409622
0.05999267674007369
0.00822266618945563
0.0400211732780687
0.02060769073253852
0.03341828764771893
0.1270984916994916
0.05734587714014065
0.04710174218322181
0.06058543825835237
0.04085929029658728
0.013407701008684584
0.04411839300331369
0.02932541049769943
0.027764254704137615
0.006155600382124825
0.027002132752065016
0.03604771694675003
0.02524338978574364
0.06592029192286056
0.004894082279121466
0.018805522013962295
0.043156512590868785
0.026218297923864993
0.049546612035169794
0.04653069354107055
0.02359103991244664
0.04156713005834132
0.044706811946366894
0.058735501212295815
0.02021468767463214
0.0178848960661595
0.008606984096911042
0.058134054543566155
0.024466068820381843
0.0508971529302956
0.02356715574870647
0.023304429947564636
0.04808967804701962
0.05413454276089458
0.023764742921466034
0.0070262867148345445
0.021758473167292017
0.03618016549112732
0.012189608657936073
0.048528278144793595
0.006856926281040634
0.04543853587186109
0.058134054543566155
0.005714828996738109
0.006372729143399069
0.06573573247577745
0.024861243165900968
0.04214034998810533
0.016115296661774407
0.06582692655551263
0.014180679398820893
0.043918634542941384
0.025100084803302634
0.01648007298071514
0.06337554284072641
0.06633935043211985
0.01577006193134836
0.06759652595989772
0.0871120590232268
0.08721193825341295
0.09237091762128899
0.06863223015117587
0.08934848526435152
0.009712169491796945
0.11484808698839875
0.09394944371575274
0.1274003006776628
0.1658755171754589
0.05843369223412462
0.1806858699819751
0.155218837572119
0.13984829256151524
0.14673344558152152
0.022674756539869327
0.007860061158127643
0.21241706715459316
0.016406249201881894
0.30109028197138177
0.144082303406363
0.16246442433584052
0.156651887396529
0.023649664677990685
0.156938497361411
0.27233809140344634
0.21806024366011076
0.24967419130164073
0.08181845982336072
0.16977514972794433
0.23997070696029477
0.23239725576704912
0.007810121543034566
0.2331745767324109
0.2765916438368088
0.1838168667195497
0.018521083336693035
0.17084125194580085
0.169221471386695
0.09784690498062543
0.022023370256046594
0.1702484904275222
0.24060472294321555
0.07082740192765848
0.19921780975673184
0.0055346121248804865
0.7211844954219513
0.212679792955735
0.2373695044002293
0.21448196167431122
0.05800811986202709
0.28681189462998746
0.07073403656031055
0.34300047547253637
0.26225463172987046
0.13414866257806632
0.2923182800159023
0.0032895007333048005
0.15240267753839204
0.26163147218501337
0.14740871602908442
0.1842315826535835
0.014884176585349443
0.07405393532019375
0.0059341290456250955
0.13079402321637926
0.12768908193015757
0.015355345997314553
0.18813121520606893
0.023651835965603427
0.1604994090463086
0.18442048467589212
0.1330521623336314
0.22098713936208758
0.02754712594286337
0.21403684771369902
0.2053126140856999
0.257419174216293
0.14154623947467984
0.05061054296541359
0.22396397467915746
0.16810977212897088
0.2438616543623292
0.28520514179655804
0.062142251476688705
0.295996441231888
0.2272404476867858
0.18895630449891107
0.1956438703461578
0.03456472750724694
0.423631240971727
0.32472909021130875
0.1143074363728259
0.28778246019288334
0.09326548811773888
0.2758186654466725
0.24906623077007284
0.34936451946548447
0.3067595139282523
0.04374058895869651
0.045427679433797385
0.2796727009592903
0.35864243143473296
0.32451630402526
0.3480660894730645
0.08248504512047265
0.2569523473795534
0.4470008095476739
0.492287355286643
0.4226606754088311
0.04672176685099188
0.4248862452118921
0.21124022926848676
0.322711964019071
0.37924360830443327
0.021089716582567343
0.5410848730954166
0.5121850349698148
0.5936343758990092
0.4259827454563271
0.11350623124372393
0.17152086496858926
0.29198824429876546
0.6061800757254351
0.050004753721458454
0.5143845493215229
0.5400339698908494
0.03739391526665035
0.02790321711135313
0.042700542192192874
0.07482039984749182
0.053943469450973246
0.013268738601469066
0.02263350207522722
0.09552796981021651
0.1670262996102124
0.11861961357173238
0.04419004549453419
0.055873744138701276
0.031755081336358223
0.07769084207153734
0.031781136787711134
0.08327322252389815
0.11706931421623427
0.10260636742775686
0.05726336821085644
0.07594295554327968
0.12435832673221066
0.12926326544939584
0.14543718687671428
0.15033995430628672
0.08646718660224229
0.23572801096499602
0.22480643427290153
0.022238327729708098
0.1934595550077389
0.1351235707161877
0.18022772829568645
0.07956249199372133
0.02355629931064276
0.041634439974336336
0.03828848576310023
0.06469351442166107
0.0657531027766794
0.059714751925642656
0.05569569855445639
0.07007830770126233
0.06752270218106447
0.044400660392970207
0.07310291134581255
0.05533743609835389
0.04061176350873465
0.0879458334665199
0.04052491200422495
0.07239290029644578
0.03624964669473508
0.10105389678464602
0.07890024927183488
0.03276473007628346
0.02572541563577246
0.08615669247362012
0.04130657554481223
0.07575405352097107
0.08787200968768664
0.07249060823901919
0.029053999546106626
0.0668995426362074
0.10286257936606047
0.0678158260087847
0.01169889765745628
0.06680400598124674
0.002863928361207282
0.09634437395260766
0.0879002364266523
0.07058421771503132
0.07672896165909243
0.10331637847712365
0.05446457847803143
0.07756707867761102
0.03251503200081808
0.0076168769455004885
0.07547612870654005
0.07557166536150071
0.03680115374837166
0.0373504895143955
0.038724914573261465
0.012150525480906709
0.04407713853867158
0.13197520367771115
0.04198184599237513
0.015555104457686859
0.026235668224766934
0.08947007737066509
0.027464617013579155
0.05650558883400932
0.04876711978219526
0.040084140618838235
0.0269500218493592
0.059708238062804425
0.016938214667003796
0.018647018018232098
0.006066577590002385
0.050072063637453465
0.05409328829625247
0.042537695621237194
0.08500156746364114
0.10796293396839247
0.028281021155970313
0.08434800989220567
0.05457097157105581
0.06404212813783834
0.06808723696037751
0.09978152224357895
0.07558035051195168
0.058444548672188325
0.035022869193535595
0.2499542874036845
0.25962737371845207
0.25271399395948013
0.25013233298792936
0.0203558213694604
0.0417603746558754
0.03074760388404573
0.12194385490684106
0.021117943321532995
0.008876223760891104
0.05629280264796056
0.17999322923351027
0.03455821364440872
0.055135506350368846
0.013713852562081267
0.06700810701684452
0.13425071309586523
0.14314430715765827
0.028665339063425728
0.0928116890066757
0.10127753940875849
0.04253118175839896
0.023250147757246074
0.04740789373661849
0.1495604620533122
0.0928420870332541
0.009877187350365371
0.1512084693513837
0.05070607962037426
0.05209136111730394
0.08878395048503848
0.050981833147192554
0.02402746872260787
0.05562404606323589
0.12523335564014587
0.04476977928713642
0.015652812400260268
0.049524899159042374
0.0770285993496509
0.043755787971985705
0.014773440917099579
0.0700913354269388
0.0788394532186781
0.08159047462402276
0.04206435492165934
0.03591092582714726
0.04584239536783119
0.06715141199928552
0.07386503329788516
0.08996730223398311
0.026137960282193524
0.1921850091790591
0.10940032636802798
0.10277138528632529
0.19779561637038554
0.10331203590189816
0.04092877150019504
0.02263350207522722
0.10104738292180779
0.01190299869305407
0.02382336768701008
0.10063918085061221
0.10092361952788147
0.08741603928901073
0.11135014264427068
0.09760589205561102
0.03248463397423968
0.09909105278272685
0.08502110905215582
0.08128215178301333
0.10763072696364288
0.01774376237133124
0.021363298821772892
0.129000539648254
0.1058980394486744
0.0053022843503170445
0.058587853654629325
0.056399195740984946
0.10329466560099622
0.06328652004860397
0.025705874047257778
0.07992075444982383
0.09572338569536332
0.11688692605676392
0.0413304597085524
0.11143916543639312
0.12355495031549595
0.017337731587748404
0.08849734052015648
0.03529210885751566
0.08598516075221346
0.11306328857072447
0.05746312667122874
0.09072073903560474
0.08773521856808388
0.019007451761947344
0.0070067451263198625
0.07077529102495266
0.3272912095943448
0.07037143152898256
0.10056535707177897
0.07923028498897174
0.02011480844444599
0.043994629609387374
0.09662447005465144
0.06397916079706881
0.12575446466720405
0.20233360748101725
0.22600498503513536
0.09257718994449952
0.057925610932742885
0.00911072282306729
0.01508610633333449
0.025015404586405682
0.046522008390619575
0.18153701472617015
0.04748606009067722
0.10163363057724825
0.0994210884998637
0.06180787318432637
0.09957959249559391
0.07961894547165263
0.05820136445956117
0.006292391501727598
0.08862544648930828
0.05768894058295396
0.05075601923546734
0.012760657300087335
0.014921088474766066
0.039293791927799984
0.027321312031138155
0.060756969979759025
0.0799858930782061
0.11356268472165523
0.11859572940799222
0.10895086983219028
0.038199462970977795
0.0185449675004332
0.041085104208312496
0.023712632018760216
0.013418557446748296
0.04732755609494702
0.1036876686589026
0.09805969116667419
0.13703864639062652
0.0552201865672658
0.033020942014587065
0.06326914974770204
0.051483400585736055
0.11744060439801324
0.06772463192904953
0.018006488172473075
0.3167886914115096
0.2989689339737324
0.3040910014521918
0.10739839918907944
0.02744941800028996
0.08005103170658837
0.11328693119483695
0.06163199888769423
0.07348940054088071
0.014627964647045836
0.05713960481693012
0.10535738883310154
0.016805766122626506
0.07749759747400325
0.01993893414781385
0.07600375159643646
0.08345343939575578
0.08293884423153582
0.03057824345025182
0.07811641444363486
0.0181150525531102
0.10638440787392872
0.11037740579376207
0.3568684894551224
0.04824166817991159
0.055059511283922856
0.10447367477471536
0.05698978597165089
0.07695260428320491
0.09313086828574885
0.08350120772323612
0.05696155923268524
0.07676370226089632
0.051077369802153216
0.12406303161687768
0.10327729530009429
0.08098251409245488
0.0825176144346638
0.0742667215062425
0.0663827761843747
0.028244109266553692
0.13200560170428954
0.12120995969373412
0.09175427193927013
0.10940249765564071
0.10379406175192699
0.061260708705915275
0.19521178411122203
0.02095075417535183
0.02255099314594301
0.11996364060401996
0.01728996326026807
0.05515721922649627
0.05456662899583033
0.04314999872803056
0.12213275692914966
0.3697268546977831
0.329321363512259
0.05948459543869196
0.10339671611879511
0.027329997181589124
0.05655769973671514
0.015937251077529527
0.08456948122870539
0.023667034978892623
0.07106624356506014
0.06971570266993435
0.03420863633875718
0.09109637179260918
0.045423336858571896
0.06479773622707272
0.023200208142152998
0.06335165867698625
0.11623336848532843
0.16325911560210427
0.10837547861481353
0.09667440966974451
0.3780081456527828
0.11419670070457602
0.006290220214114856
0.1651090526481608
0.07853981552811963
0.05266023847184246
0.11512601180282979
0.05833381300393846
0.017811072287326257
0.08919866641907229
0.042324909435188435
0.03448873244080096
0.07848770462541381
0.06361655576574082
0.026682953472991877
0.03599560604404421
0.09255764835598485
0.018058599075178896
0.06450461239935248
0.2698041987593759
0.12214361336721337
0.12241068174358069
0.4076549067171681
0.02715846546018247
0.09001724184907618
0.07516346329030514
0.036551455672906276
0.05261681271958761
0.024283680660911477
0.16269240953517847
0.11815495802260549
0.022618303061938023
0.025169566006910393
0.025968599848399613
0.17021157853810556
0.04387955136591202
0.10016584015103436
0.05918061517290801
0.17848635563026702
0.03205906160214216
0.0175830870879883
0.21601706201652013
0.020861731383229387
0.15339495597741534
0.1084297608051321
0.06765515072544177
0.06970267494425789
0.15033126915583575
0.04388823651636299
0.1683203870274069
0.42443678867605444
0.07394102836433114
0.04888871188850884
0.1612810725868959
0.02870225095284235
0.02286148727456518
0.1770272503545041
0.03999511782671579
0.051270614399687296
0.012350283941279013
0.18150661669959176
0.04491525555719017
0.039133116644457046
0.22161898405739563
0.02577101267564005
0.0357545931190298
0.022301295070477626
0.09216898787330395
0.12893105844464625
0.12398052268759346
0.045907533996213466
0.11947727217876565
0.1262994578580024
0.13223575819124023
0.13696916518701877
0.07819892337291907
0.11342372231443971
0.04532562891599849
0.04343009483007434
0.054770730031428114
0.14460558372103394
0.14004153715904932
0.13386856647602255
0.17808466742190965
