25.4081987885657
22.10979668733077
18.78093730270934
20.363848929948652
18.758650160148424
19.54017145978617
20.481860718197204
20.133547006454595
24.36714952787711
23.087658810132492
19.755231488990418
154.03073438997933
204.94995034167258
183.7543711433843
210.30468610744202
224.8152803942038
157.62911473779963
151.0946343484588
169.77501018002135
211.48904101248053
188.6330461396481
177.94860111214942
190.9685284764106
181.47153471076135
195.7337717307518
187.67255335053503
169.28024997357835
271.7039950228087
270.6013153016728
154.96683635151655
208.56923320044282
211.32729592948985
175.6845608622334
181.60692053713328
173.10949396454038
188.02234367764058
208.6757851872365
252.74558461091857
180.29197406342587
189.49949300686836
182.26216308290006
198.80475288015498
201.0323307225363
228.94514269071317
193.63048153719794
174.36998933758548
188.61732446353975
185.56672584874428
221.21619103341067
231.89716799547614
196.3996875004277
199.63355436686584
185.19021270455707
192.01587026456556
192.4889677963968
211.84113583915072
182.0473243944285
182.9796415991736
201.2407663035783
166.5137868080349
218.21219114986843
241.75060020239798
191.81894301009288
201.49238614955934
208.4099572144006
219.16204980711103
205.89305754272718
172.33120874561
210.00986412387016
222.5099532112878
243.20030269992094
186.13693102731702
195.21894742216213
208.3458944299897
183.1963640060279
145.95403730276237
166.0685093664306
186.63121166034333
190.26996111935168
187.15554736155875
188.8643278530215
187.03975885985173
328.0389260488875
183.30434706610413
194.57835864562404
216.3125350807554
182.8731076204953
217.79223221396154
219.70799399699683
226.58467965160025
236.09333197010784
225.07978052889592
177.0245801327165
264.5929589832191
195.69264055603892
233.76973867844188
191.46640714005946
189.3545099510977
197.32461479164235
181.74116725944603
188.93905708993387
191.2851571911443
211.96918853462716
209.03930796077887
211.31720882902266
235.6204345145771
213.42799547581927
207.55821390920707
200.7835381201921
176.01981238014818
209.3501101987831
217.4490554351562
211.02225214896208
222.86265112361835
197.85241624884787
215.4348605418037
207.45952691571304
179.61085851927234
208.79976750640685
279.9556344340374
229.01756684100303
229.74993413365945
170.09656022537317
254.7063319526943
245.0324397199035
232.55496583644918
244.84773897484268
201.60627084273605
237.74788010743893
278.03670070672194
239.18631451965135
247.44234367498976
261.00905603492885
226.3100513436902
132.05504078044873
209.19769590592813
219.03349628641692
237.7842282656824
258.4604592312992
206.372936586347
240.91427889145152
223.62884793118275
251.35820518679643
277.29397700752554
244.94758052848528
207.17996591438435
210.21651058483096
241.88386926604804
256.9621040912423
233.1264056371135
282.8029416632784
198.99530494561805
270.7044160061048
239.18158218252
248.43540830654283
243.5908776039673
188.07905088307123
237.6626716457059
256.6762516122041
232.26566413151215
254.12575159413868
222.61151922052863
284.6591938853701
284.0084043639441
298.929595294604
275.2189680846723
209.28203241271072
261.69091601688814
264.39895175273904
259.1727768362534
279.959707684395
234.0931312905534
253.0238229072118
265.3459212911823
265.8994685446008
308.4206244415972
263.9152134812694
269.14043910826524
322.9735912490179
307.71509034335145
282.95332468373584
293.6152385905717
220.18263444361386
255.19997793540603
313.65943066771206
282.36844838774726
300.8795538034955
247.02985703533548
262.66887003343743
254.9150069454635
278.58067113060474
258.97276124673357
234.11566685781818
251.7033056655727
268.7938531756934
261.0297279425799
277.4156005043522
236.32019337748775
287.4019814129757
252.09090919945092
273.0634029771774
300.4347730806166
279.1497554105835
266.3221748473703
258.32979296329
248.31109217251515
235.69982703014608
234.6371070302465
233.55006707773316
201.5880428338012
215.9950397621206
226.3719421900073
250.17924996504692
256.51288678210705
221.0278891325145
206.59471508955804
203.68006278152856
237.943640437491
202.05240237374684
234.34494748112635
250.71082602894734
268.09779200381166
245.69116953049664
308.7870172919132
284.7467278157436
307.0323990137635
253.97654073654374
262.4297392981046
235.93713401704437
262.26191313237797
262.01100035759464
263.55376385514296
274.62636975326683
259.3482580274024
282.4442121316952
238.30653435099487
261.8186744444228
294.95119927428453
266.5102422104032
265.13231291426945
284.47042299966233
263.2935739495932
291.7514283157149
293.85803997015967
270.66763882644386
259.3636675944226
304.3439302303011
294.3690829142047
280.0025055324505
250.95415088834193
270.7784866361089
269.0579776423495
279.4568966568835
270.5183539606679
294.4025112745491
306.40148583907273
201.7315381548858
303.1950821435754
258.9671653497758
236.6793838157932
270.8292619541843
258.82712651188996
242.41135437522172
271.41785042758784
320.2833636722029
323.2677006701358
348.10695260293534
278.19893501740705
190.4877183384106
337.51986120196216
333.94584524907043
306.6583512622485
293.0421700503946
301.61086096952863
321.70838530084717
318.962454742917
271.83110054462395
292.5191719997565
287.4700614928377
261.55422456915284
339.250077121689
316.84261103627483
283.0922144359424
262.36176112548924
270.6533321965155
268.7920597206864
274.58193605658926
258.9441611969211
307.1094221038721
269.01248644643374
279.2615423752078
286.5928748548761
264.8203759171578
271.05693236380444
238.84364908554258
279.90286973504266
218.72244831609848
277.70138516184005
243.14262873627857
252.6604590571505
271.4831905163594
244.93050064685767
276.6115238813442
286.3079114892223
243.10815106502446
275.05120626177063
269.12538634189406
276.0376716053074
298.8718201519386
287.2740545092142
298.09306780518546
313.9018869480043
266.1334337752291
296.8867420133172
295.8050514346265
310.95247425454346
300.77163135570186
252.1655093572678
284.0744676820957
267.0192298435975
327.9135854768152
227.34781155693446
276.878059861438
307.05575596672514
337.7483255733285
302.87247648905054
295.29675874896617
246.63221960841557
279.32728352330724
298.7137076846634
267.4190313929622
276.56995962366835
294.5488171877089
301.72838698631364
275.66780661497194
273.7646623052786
285.73653664071566
285.69335441177327
293.2381917488913
213.72106010676237
325.5237443327038
301.3706639564395
280.01266892070817
313.73345211681027
308.66071330276344
245.76852207395115
341.9894246404601
331.50965657289436
280.81188400731133
261.95891537859836
300.8267452933698
273.0331894838857
251.98130436007202
251.4523638231751
297.8211819627842
281.42851992495986
251.31109548487208
278.7563480039287
248.71671424992144
239.4491688243455
234.4627104144081
296.0337875401612
291.90191605124653
294.75738842413745
274.3598648086815
289.3390094221073
260.31027177167573
304.8067181051802
304.44907145760374
288.08938244010835
227.7853381662397
262.6089870329088
318.11209271437104
290.6381357662203
248.66158125294012
255.20677891947216
289.60006215253895
314.8717922928315
271.89368325474186
237.71257575449917
265.84091920886465
257.3295720516119
251.69314400733694
294.0338973591866
324.61804497222164
285.5800642191299
292.8893753721534
295.52404768017516
277.9937105297679
278.9878997378297
310.90361749646235
293.19793627849145
294.4266449245821
291.8990703008519
260.3321954611504
267.0474666958466
267.54923838738233
284.88531092208837
289.36992929299134
276.60340959253335
257.14200905729575
275.7248791564895
261.9714996816146
279.3232244437176
304.48813957458185
285.39685463700556
268.02212873447485
261.49551731377915
256.555643048052
264.1227305111638
239.65354205134054
303.109876147875
215.3590104193835
284.03959989806503
320.6346866986892
308.18953767350183
301.82007886213876
277.52558505972377
311.65301371919156
271.0066812468712
251.57258889305987
293.7510465833979
292.8987091237845
268.72102557286695
269.1968006946944
265.3701978501438
299.10298904358314
282.6140474790075
256.34958440567726
271.659156319619
268.8036101751873
273.0534582504869
321.3925827151441
252.6100973653382
293.79214084737083
270.655143864814
337.878679047124
268.0753847004009
329.86515132604757
321.96155784319836
227.9528917421181
187.7731197815939
221.0471480220828
289.0992442505021
260.77363326636396
259.02924922743705
252.57672101327395
249.14154430727658
309.06194254986355
235.5065319552546
221.25326933349322
271.95604260383385
247.51602747519672
278.5177423415877
278.68804788346637
343.7037698460475
350.8527669021368
295.0917044239443
305.7786689107877
363.63965564663806
281.8017565778767
327.43628141299445
326.4107384237087
317.6146102696095
292.38958730545767
311.9930341257043
319.28502844324765
305.06121212841003
306.4458963919121
248.86895354906167
286.209029772472
300.1164063429437
310.0652871802137
289.8684998869292
253.72122904999023
299.2142026224678
289.2761753455052
323.5543960464013
317.7628939995907
295.6641516900715
312.9887564526504
283.1799553506802
271.3675658175801
328.49243280859565
297.35501045983324
323.06934669175695
295.15123216607407
316.96476084745865
311.8591125991653
260.8042506857517
279.0500670554589
279.56981231402716
316.81992100330575
312.46210674604714
327.8334831135468
325.7034105687418
275.3990952335669
360.809595354921
322.37567353491414
340.65528683985576
336.4704057079487
330.9575749784077
337.4614055917851
337.8464252106026
329.0462039945132
283.33037706667574
339.00969169276556
351.0689883880238
314.08441237263776
374.15497261499746
371.93506545627633
357.8263236013917
336.5332991985822
385.6865691120374
302.67771416652397
342.20098852336616
341.17195403038454
317.3229238900231
345.05346070125853
323.99588143227925
343.7044115379515
303.32557649805585
307.79605848119394
299.2618754699282
364.6196248787552
314.8410680425675
300.66493488487606
383.28792397786884
329.8986414565888
380.15252881240406
340.79171606825554
343.5483396462007
334.93163856816165
325.73276155830587
307.07946653170217
353.4837409015737
350.8139619317662
305.70211547863386
318.0300543092079
308.9071216467574
340.960524208834
314.9666565869141
310.0466784032877
308.788011207121
210.8364810892337
306.99714490101167
308.699144037363
258.50261234319134
318.5073077286379
363.3120487924809
393.51028010630114
299.0953927205643
314.19600152480314
389.56671314198576
349.0585113740308
313.6178728242386
284.1656667645658
358.7480690503146
302.38359472674944
318.2784441903665
307.9914085179165
283.5323811271976
324.9133190902517
339.30843930362937
331.84840043075343
339.5840992918291
334.2775502409099
270.4132695951639
263.6206814985599
272.10200673137285
287.0637927246597
297.21284778360075
298.12672593599564
310.2699834381535
303.6693981778556
342.7176330845257
312.6445253348012
293.2107103575929
299.116371893953
296.54952254005553
322.4036301317653
362.10953624079696
325.0891391466407
299.1383354471468
266.21780252448104
327.1055278963488
308.6907358964193
294.4930732310297
299.5188605850158
308.98582833281324
298.15511455374946
325.4323086881982
335.9410397223184
285.0621761290478
279.5210705483756
335.24856903129336
309.32245791107994
341.4755548429571
339.50204884492325
345.5312551894202
304.64980978115176
264.47213903113413
352.6350121282858
346.4200372606825
332.24052973850064
340.124097478402
300.7265958979077
265.86321116014216
354.6803567684643
363.4781412194935
341.4544577127777
358.679790917923
261.97906807611093
345.9500582253622
340.0339719081695
327.47496966313287
353.15445372185326
399.4554228730898
325.19011632753245
293.721803610322
311.24645633285314
292.169065962443
329.02638104272745
315.7258931261375
311.44144520305895
340.349141843018
