0.03656665468619547
0.010965002444349335
0.02224049901732084
0.03697919933261654
0.037315748912591616
0.05955407664229972
0.004073335561504823
0.06260039316297736
0.005106868465170225
0.0035587403972848633
0.006255479612310977
0.05225420768825962
0.03408270165721812
0.017478865282576663
0.0779448827222282
0.010413495390712754
0.05271669194977376
0.027835907195358115
0.04300452245797682
0.16279880262820287
0.07617745460545586
0.061666739489498114
0.08050917339287703
0.05462091118614888
0.017240023645174993
0.058831037867256485
0.03938281471992242
0.03434542745835996
0.007829663131549248
0.03622793381860766
0.04620282911154643
0.0326235963814552
0.08690361541240352
0.00626633605037469
0.02450949457263669
0.057228627609052556
0.03446050570183531
0.06343851018149595
0.06179050288342443
0.03073023358314379
0.05598013723172565
0.05798206441067419
0.07792751242132627
0.026850142619173043
0.022896227876369055
0.011336292626128293
0.07730652416408193
0.03157920703972608
0.06639146133482567
0.030875709853197535
0.03131648123858425
0.0640139013988727
0.07232341909283801
0.03110152376492275
0.00885451088476368
0.029570765997939324
0.048602101923626836
0.01641927692755835
0.06486938871829322
0.008834969296248999
0.06060063727164157
0.07661388341561709
0.007551738317118215
0.008170555286749811
0.0866930005139675
0.03239126860689176
0.05619292341777441
0.020957268038190056
0.08687321738582512
0.018479828872050928
0.05683345326353344
0.033618046108091236
0.021806241494772352
0.0844522316976173
0.08871012670620523
0.021322044357130785
0.08991519133127729
0.11787486192056172
0.11681310227793067
0.12512696254712147
0.09227755225394106
0.11971394252855456
0.012198293808387042
0.15575514561246637
0.12633419845980629
0.17072834498993825
0.2243548064494511
0.07675067453521986
0.24108457750563161
0.20870633662441632
0.18713242290420742
0.19599127636419658
0.029661960077674507
0.010624110289148772
0.28157692019566544
0.022399003013051037
0.39998809015657455
0.1921915230418973
0.21705493749541102
0.209729013090018
0.030984274233834656
0.20977243884227287
0.3593871830859036
0.28818849097646615
0.32963185764088115
0.10395690832288267
0.22067881652107815
0.31443067306407135
0.3069267030744335
0.010415666678325497
0.3071286328224185
0.36099393591933304
0.2405808387794754
0.023586697337221154
0.22348412011674137
0.2209263433089308
0.12803431666058362
0.028656653912974756
0.2228392476957569
0.296999576108975
0.09003026957475264
0.2582507773719734
0.007239072900883304
0.9110766248819544
0.2747721048173306
0.31075902571092384
0.28090164974810256
0.07569325746781429
0.37091454902195325
0.08815861965256866
0.4443713802486428
0.33815850409612075
0.16853968707629388
0.37958232917202106
0.004099391012857731
0.19575460601440764
0.33896839437567367
0.18984001855729724
0.23360014910450844
0.019079104253167844
0.09285294347131781
0.007477914538284973
0.16791218495621132
0.1622538094374045
0.019155099319613827
0.2464194311701398
0.03037197112704129
0.20806797806627003
0.23751932324550853
0.17251748598283803
0.2803349436811768
0.03568945449064753
0.27346498967445965
0.2649318293563819
0.33144054022229563
0.18323930421456022
0.06576178792713036
0.28955857346010666
0.2153200786928298
0.31551197429521705
0.3640141969886578
0.07964717221061828
0.37136183427017816
0.2850900635530827
0.23643150815152458
0.24631086678950267
0.044378947516842786
0.5382470001855623
0.41364983181595
0.1449204204248816
0.3624161293056793
0.11879114529313903
0.3530774212832741
0.31591583379118715
0.4449945397934999
0.3833647121934184
0.05430390319468849
0.05712223451602818
0.34576669589117026
0.4458152865111165
0.4054097953255924
0.4339687412959938
0.10639743559960517
0.32798385034280964
0.5562578309332609
0.6209860859567259
0.5258380914787393
0.059803774717765094
0.5347208291024685
0.2666623455837376
0.4064368143664196
0.4761503457487412
0.02677414755272706
0.6813087984139363
0.6421995659332195
0.746933795221464
0.5308298817004341
0.14542633043865058
0.2135656783017339
0.3732421693428131
0.7615813014570245
0.06252656938414412
0.6474280265047033
0.6838383484827814
0.046495952939266665
0.034638551286080184
0.0533376802070181
0.0952978133232658
0.06827179640746062
0.016981640419258644
0.02883469949721964
0.12300344326185937
0.2112771411579034
0.14975804922607175
0.056798712661729554
0.07206286457930892
0.04096134081438618
0.09927995480503544
0.04113938639863106
0.10598706224079685
0.14789291316672598
0.12882900792684734
0.07326575791676825
0.09189106305887292
0.15429169776147797
0.15801979859255674
0.18347163198912367
0.19030033153119863
0.1101689621829388
0.298584616066277
0.28393059596787823
0.028137716173529313
0.24348819289293752
0.1687047049348623
0.22406602519695637
0.10119937305469977
0.02953819668374819
0.05142043324496653
0.04853262072001908
0.08061122391067592
0.08122786959269478
0.07426455021862977
0.06864525787685233
0.08648455690314423
0.08402883061313253
0.05474250329246246
0.08827586918365675
0.06747710514119688
0.050004753721458454
0.11065967318341859
0.050386900341301125
0.08935499912718974
0.04451139606122007
0.12454288617929377
0.09651156309878883
0.03976496133976509
0.03313384897044967
0.10585678498403231
0.05247567902475935
0.0952261608320453
0.10931347486351826
0.09082713212862911
0.03661442301367581
0.08256538276214412
0.12621043506587995
0.08383992859082394
0.014174165535982665
0.08235259657609537
0.0036977028045003797
0.1169629211232099
0.1063474959845121
0.0869644114655603
0.09457694583583531
0.1263298558845808
0.06685828817156529
0.09435981707456106
0.03999946040194128
0.009434244677365913
0.0925967315330142
0.09418177149031619
0.04479149216326385
0.04537122595586608
0.047998483967284435
0.015166443975005961
0.05454708740731564
0.1637997662176771
0.05160933526727512
0.019087789403618813
0.03200695069943635
0.1108702880818546
0.0342042937635317
0.07077311973733992
0.060309684731534086
0.04962043581400304
0.03344434309907184
0.07384766299698321
0.021317701781905302
0.022442428765305885
0.007588650206534837
0.0622030475298455
0.06724911994185893
0.05307929698110175
0.10346619732240288
0.13097424008823688
0.03485568004735443
0.1034010586940206
0.06711232882225615
0.07917383151104043
0.08345561068336853
0.12101237252097455
0.09366500503848349
0.07032583448911497
0.04271356991786933
0.30343310130553086
0.31448061267916444
0.30270137738003666
0.30300752893343336
0.024843872864999027
0.05079293112488396
0.037676182656306866
0.14637084055019353
0.026398514795722618
0.011153904466657927
0.06790919137613263
0.21568485501177054
0.041818999421419444
0.06707324564522679
0.0168361641492049
0.0823851658902865
0.16315706508430536
0.17628684127855893
0.03545061285324586
0.1138731788502774
0.1238133335414123
0.052058791803112806
0.028628427174009104
0.05828821596407087
0.18408610638352976
0.11552770001118715
0.012554384976876803
0.18212977624444882
0.06157554540976293
0.06454152428876911
0.10702710900730047
0.06125853741830253
0.03058692860070279
0.0671145001098689
0.15061136525787952
0.05493140531477105
0.019357029067598876
0.060259745116441006
0.09507851327437881
0.05437338439829625
0.018349551615286383
0.08578323100422842
0.0971238662055822
0.10204834651128206
0.05142477582019201
0.04450053962315636
0.05601922040875502
0.08343606909485383
0.08912918521546452
0.10928524812455262
0.03218065370845574
0.23474224638881094
0.13153877486754992
0.1264623044289581
0.24086962003197013
0.12479475554237189
0.049930929942625206
0.02817897063817142
0.12406954547971591
0.01487114885967299
0.029722756130831297
0.12484035258223948
0.1245342010288428
0.10743096850327058
0.13276772365636214
0.11959669299746647
0.040635647672474816
0.12253661642511975
0.10585895627164504
0.1009149343774305
0.13128907679208454
0.021044119542699753
0.025810095852669416
0.15799374314120385
0.1288420356525238
0.006592029192286055
0.07240592802212223
0.06824356966849497
0.1261409538622722
0.07724138553569965
0.031027699986089504
0.0991757329996238
0.11740152122098386
0.1433505794808688
0.05099051829764352
0.13569896193356443
0.15197493387868177
0.02186052368509091
0.1087011717567249
0.0436993344940544
0.10555063343063562
0.13635034821738717
0.07017167306861026
0.11221431511414218
0.10768718044157419
0.023095986336741363
0.008643895986327664
0.08808696716134816
0.39910003352296286
0.08846694249357807
0.12328353936390314
0.09556053912440764
0.024555091612504285
0.053035871228846905
0.11967703063913795
0.07794054014700272
0.15407674028781645
0.24917913772593545
0.2749240949502226
0.11363216592526298
0.07119434953421196
0.011277667860584246
0.018785980425447612
0.031071125738344352
0.05726553949846918
0.22580522657476307
0.0583099288401983
0.12539185963587607
0.12259958376588928
0.07520906033017273
0.12344204335963334
0.09793809906036062
0.07166334765856432
0.007464886812608517
0.10979984328877258
0.07026286714834544
0.062001117781860446
0.016041472882941166
0.0189336279831141
0.04966603285387063
0.03412395612186023
0.07530025440990791
0.09901071514105537
0.14148978599674852
0.14698965751982512
0.1316603669738635
0.048502222693440684
0.022928797190560193
0.05044769639445791
0.02946003032968946
0.016189120440607652
0.05742838606942487
0.12187220241562056
0.11641792793241154
0.16756043636294704
0.06607228205575252
0.03913528793206979
0.07680495672553841
0.062328982211384554
0.14036940158857342
0.08107153688457733
0.021710704839811683
0.38171887618295963
0.36057921998529924
0.3656926023133077
0.13047484393730613
0.03370055503737545
0.09718249097112625
0.1367672354390337
0.07457504434725193
0.08898805152063627
0.018575365527011597
0.06944863429356703
0.12812768202793154
0.020599005582087552
0.09249033843998983
0.024913354068606786
0.09168913331088786
0.10129925228488591
0.10137741863894464
0.03708776371325366
0.0950112033583838
0.022342549535119733
0.12912647432979307
0.1318970373236524
0.42882496094140693
0.05948893801391744
0.06714489813644729
0.12589776964964505
0.06808723696037751
0.09166307785953495
0.11034049390434544
0.09953182416811357
0.06960930957690997
0.0913069866910452
0.06063537787344545
0.1472892952103836
0.12346592752337351
0.0965615027138819
0.09816825554731132
0.08846911378119082
0.08063945064964158
0.034860022622579916
0.15719688058732736
0.14338532008267268
0.1089313282436756
0.12950427837441025
0.122323830239071
0.07217577153517153
0.23485515334467355
0.024431328218577963
0.027356052632942034
0.1415961790897729
0.020542552104156248
0.06612005038323286
0.0644438163461957
0.05163539071862803
0.1445274173669752
0.4430056403402278
0.39481608306302207
0.07188699028267678
0.12113396462728813
0.03224362104922527
0.06751618831822626
0.018557995226109656
0.09919744587575123
0.027881504235225705
0.08400060387416687
0.08329710668763833
0.04037509315894572
0.10834508058823514
0.053865303096914514
0.0757909654103877
0.027162808035407958
0.07628384769848023
0.13868882497631077
0.1972658221928764
0.12870090195769554
0.11503916029832009
0.4485011692880789
0.13793538817468914
0.007862232445740384
0.19879440867224707
0.09383219418466465
0.06441124703200456
0.13641982942099493
0.06867348461581797
0.02115485521094962
0.10697282681698192
0.050725621208888946
0.040533597154675916
0.09279866128099926
0.07662039727845531
0.031989580398534403
0.042559408497364615
0.11103747722803577
0.021699848401747972
0.07772775396095397
0.3291585169413033
0.14532645120846444
0.1433049824410012
0.47796554219299386
0.03217413984561751
0.10621504744013481
0.09187152147035824
0.04448316932225442
0.06446552922232313
0.029284156033057323
0.1962952566299805
0.14233007430287986
0.02754712594286337
0.030074504724095574
0.031038556424153218
0.20326943244210924
0.05283177019324911
0.1203805278256665
0.07128120103872165
0.21132708077299645
0.037215869682405464
0.020998522502832163
0.2604046946838139
0.02522819077245444
0.18233604856765936
0.1298951101447039
0.08166429840285601
0.08414825143183337
0.1791616260778299
0.053250828702508406
0.20023180107188257
0.4975353574466415
0.08907056044992048
0.05961053012023102
0.1911883881648103
0.034360626471649156
0.02695219313697194
0.20874759108905844
0.0469171827361387
0.06196854846766931
0.01494280135089349
0.21375023774881702
0.05356349411874332
0.04665011435977138
0.260016034201133
0.03090176530455044
0.04391212068010316
0.026057622640522055
0.10803241517200023
0.1515667318074862
0.1460625177091841
0.0565555284491024
0.14176336823595406
0.14924996792469003
0.15641087447151458
0.16132449833915075
0.0902278567475122
0.13409872296297326
0.05466867951362922
0.0518438343294513
0.06649134056501182
0.172306871084402
0.16775585224809386
0.15892956810229583
0.21019583992675764
