0.6482685996692235
0.629647452073271
0.6195740525576996
0.6230801377672435
0.6347435270013969
0.617108481390039
0.6180575757075498
0.6243722983080929
0.6429680874698349
0.626615723845364
0.6150435099609786
0.6162560167791579
0.6389532609715501
0.6479042434122214
0.6400499518804981
0.6776900122513609
0.635764962231638
0.6002963959868309
0.6489808983345391
0.6530082363843963
0.6257940404938751
0.632291071645182
0.6258088172126589
0.6220308991710977
0.6432644084727664
0.6209169904552458
0.612554708742176
0.68851478707076
0.666115821453532
0.6137407709990228
0.6454855966179608
0.6477931703826536
0.633248575376773
0.653874542310908
0.6388028881627851
0.6334823672770856
0.6371255914607619
0.6662333355565544
0.6317967212697058
0.6394979889370211
0.6189294630088659
0.6479049591112984
0.6317242045578247
0.6351796006609715
0.6532365182352157
0.6338925516061489
0.6292539520084816
0.6423614146358255
0.6434357611096658
0.6439202458287653
0.6226338491236517
0.6341575512391427
0.62479613486789
0.6322122461525392
0.6583570835081284
0.610834102313866
0.6191452228069374
0.6102136600214143
0.6187088570488711
0.6374693024433878
0.6280535794155956
0.6417077788087844
0.6203805972370077
0.6461316281672521
0.632875025044878
0.6414813394917457
0.6211991529393251
0.6350808106281486
0.6323852407539601
0.6372579399425776
0.6512189047530489
0.6085213712597686
0.6247156430434291
0.6217954910018844
0.6136906691087404
0.6013875244535795
0.6215013468368282
0.6107115778744359
0.6227871824222598
0.6117987375595806
0.6195291319104915
0.6212163732441351
0.6806935176800588
0.609968346205426
0.6150811519577636
0.6170566412162785
0.6132825004763879
0.6230510772427756
0.6187974356884604
0.6150975827244025
0.6192043681956333
0.6174873343201664
0.6273395044996541
0.6111165683287736
0.6205555447712647
0.6088335637125062
0.6190622126919604
0.6197161133517685
0.6135041292695919
0.6126664039003006
0.6208337560985611
0.6095996045513522
0.6184130208033845
0.6154790706096038
0.6135437387448169
0.6529554823004681
0.6299910564980874
0.6202279288845366
0.6177940862779104
0.6127566646502528
0.6182835219498913
0.6253003971071402
0.6248369717292921
0.6446469221802796
0.6195788722746423
0.6228275407152488
0.6230270124199958
0.6199146739356146
0.6210534192115343
0.6676582860520897
0.647140695376072
0.62641300742154
0.628680544370692
0.642983715214802
0.63408357283148
0.6198389481301722
0.6166675777705347
0.6223107520859278
0.6296068898461193
0.6565267298441412
0.6292849675644452
0.6355998689531671
0.6515122495025376
0.6276862698237885
0.6594657593080427
0.6323035082064618
0.6292997500293904
0.6323481187479739
0.6483869306024322
0.6389964464114675
0.6548961485102801
0.6495406893519017
0.6363599823101455
0.6416815080051629
0.6572739534731263
0.6155642153829705
0.6311050764887279
0.6208165644283
0.6295985820857941
0.6204757850870927
0.6367177405008494
0.617294121439548
0.6324598050969807
0.6234458324991584
0.6282150860845326
0.6208712229429264
0.6136333904630843
0.6202528899853855
0.6281299644972118
0.6205744816925596
0.6289854579056696
0.6246590028565897
0.6475863056114175
0.6481140817640535
0.6528295335214485
0.643642965117111
0.6172823533671105
0.6365141971763432
0.6334101804011105
0.6376375530562776
0.6428533465489386
0.6379654698528926
0.6269877976715871
0.6356738907324463
0.6294473710874178
0.6448969235597626
0.6524418636467737
0.6373194773138074
0.6577668729896208
0.6531435173661444
0.6506106019838281
0.6530618771653809
0.6222086333507029
0.6292054681291704
0.653297786754597
0.6381215493712142
0.6482987237612893
0.6309269579046677
0.6407093752471629
0.6379435283709163
0.6383959425311796
0.6421640281168112
0.6353789643518072
0.6371767316820202
0.6427186464422614
0.638392283522925
0.6458363106564561
0.6192147756958021
0.6442372959305827
0.6211211211047233
0.6365657651631208
0.6492155262540458
0.6366727253420634
0.6320858279533983
0.6535354527111958
0.6641432411938888
0.6554794939923247
0.6266399113283766
0.6343778469776327
0.6321948497914222
0.6295673811833095
0.6274157268973413
0.6402730907194407
0.6377378765437047
0.6179763434335044
0.6240210406185733
0.6224072667373534
0.6346817106802859
0.6264611983195616
0.6333480981618445
0.6359622785104792
0.6359645281772182
0.6208663359632265
0.6786293113963018
0.6527229241745147
0.6604582281845573
0.6391257249785823
0.634079287137501
0.637241626818625
0.6386087614949149
0.6407991296540925
0.6421710397063073
0.6462033224853683
0.643829321970031
0.6542402191570132
0.6299364067811896
0.647392062086245
0.653457927494741
0.6355697403871137
0.6397109392642949
0.6501824652580377
0.6481849118219453
0.6497774549260782
0.649804339820895
0.6429028891923165
0.6514935228019983
0.6700545638042298
0.6641907574956989
0.6623742126847794
0.6427075415004775
0.6517528866325409
0.6507334239043945
0.6494432338846321
0.6449510009171571
0.6590498658838342
0.6755941886481744
0.6228945112973886
0.6554763592208469
0.6229123928092225
0.6409041110459484
0.6468994074338531
0.647016270824652
0.6370673912862836
0.6540133197625049
0.662337393786166
0.6594244543223272
0.6663515693179405
0.6531046967197669
0.6082679484039902
0.6683169947526585
0.6717936929201175
0.6532252415276532
0.6507041391895524
0.659084350493584
0.6493315851059022
0.6626247883664911
0.6559494831974633
0.6420310653540643
0.6587890898344361
0.6457535794455083
0.6579294101408579
0.6659423854294563
0.6447982770721018
0.643721677253631
0.6455535105689046
0.6453667445707287
0.6628970648172298
0.6521472451006091
0.6642257070948988
0.6485606580406769
0.6405117631113939
0.6459972864364976
0.6532237837961371
0.6515327826526971
0.6488331879726327
0.6484641663898575
0.6402622906204428
0.6745970029104285
0.6302639979259743
0.647625202996093
0.6506150677899784
0.6482686234202415
0.6646065257678588
0.6755781913938791
0.6566646840093097
0.6608471127816277
0.6646173177868039
0.656063526051887
0.6641920650691265
0.6777981299104435
0.6591207344473995
0.6890514521600157
0.6834653682853397
0.6737437197702523
0.6806526089787278
0.6927616095246372
0.6785034238973149
0.6757927959637873
0.674896210132811
0.6775514423392333
0.6857855744509949
0.6455993903468682
0.6416884279648101
0.67663326994044
0.6918082357270561
0.6783766226964257
0.6822197363295657
0.6700589349997512
0.6681324080650198
0.6796248508142906
0.6697224533679235
0.6574320508899013
0.6692621620665354
0.6772149080926734
0.6716890412912011
0.6702367207095732
0.6736683004910731
0.6640835227746882
0.6470208022556481
0.6351742509509568
0.686683557767825
0.6730338108886142
0.6609918917200626
0.6828647913928966
0.6880226631304298
0.6417077168653956
0.6824706214742835
0.6883413753122377
0.6694025749091024
0.6569320042181865
0.6787720652565205
0.6727059526466722
0.6544447441147409
0.6552190561341725
0.6775198737816163
0.665320052972159
0.6525661690286045
0.6783712909910536
0.6565623380064408
0.6752828549206867
0.6491912481903345
0.6784855665703995
0.6770930273613828
0.6653883334837887
0.6719461167058
0.6905491873909441
0.6660275241279506
0.6737781016497989
0.6788821692909642
0.6737706017296671
0.6560472306502562
0.664833699490863
0.6516855972043946
0.6586075916431482
0.6491901115786591
0.6640793041827714
0.6724848400918382
0.6971248446269632
0.6612533269569393
0.655763413498103
0.658289324483205
0.6532386424121427
0.649456405661383
0.6747686208324812
0.7058056972596024
0.6852587401623851
0.6713766076189892
0.6779816509223469
0.6387333909552146
0.6556830108185814
0.6847416041296822
0.6710757668572495
0.6694285878940519
0.6874479467489515
0.652111460879931
0.6708680179501747
0.6681745376978707
0.6598747753293018
0.6736058959734418
0.6596412087532454
0.6469558908831701
0.672922816408951
0.6652101754485953
0.6683380221719561
0.68135038604607
0.6690228885152332
0.6607356400847789
0.6654810548460273
0.6750218299860092
0.6616933861204212
0.6567200707948228
0.6725315893279814
0.6459698839508183
0.6756454810756525
0.6888413207104634
0.6743461748115925
0.6860499056695386
0.6576100998976112
0.6817237905541682
0.6714157081947688
0.6663700014888805
0.673831948813543
0.6690043484565136
0.668981415912952
0.6589994385608972
0.6509618442963463
0.6589676774572285
0.6672081323064966
0.6532056824888389
0.6711858184528732
0.6665306100250117
0.6585103881801826
0.6860836347858454
0.6506631510587509
0.6669518109490277
0.6711096885803929
0.694562616372323
0.6560018703512381
0.6878572058646639
0.6861872905963109
0.6392712990831186
0.6312940592403413
0.64406459217483
0.6536379280780724
0.6589358813896407
0.6648969325755025
0.6479807844767745
0.6569078834618572
0.6869982873025192
0.6295457441364983
0.6600023617830572
0.6729025739100095
0.6594617271853712
0.6776049107295694
0.66847829526652
0.706850499989171
0.6973037327941829
0.6728173788550943
0.6937932679296829
0.7090579534447409
0.6780420597279
0.6792481851715138
0.6920704218588987
0.6898074923201135
0.6854691067193608
0.680754837850817
0.685789697432633
0.6860115893062146
0.675872207021067
0.6719120716078024
0.670417573577008
0.6863595373045546
0.6812926711670788
0.68068776989796
0.6284554929104048
0.6737004395967627
0.6694567690187607
0.674144376861003
0.6911976449208161
0.6410961625886421
0.679076255437196
0.6771220688016292
0.6688997888261112
0.67452739885117
0.6733726796162327
0.6732018509579374
0.6731048157408318
0.689758580652938
0.6909547686664239
0.6624072596613201
0.6753863321834704
0.6838946899065083
0.6928070756248368
0.7044129416615224
0.7012681581823126
0.6998972588513326
0.6725415326387753
0.7044764220765125
0.6970942239545935
0.6979828386597722
0.6963465034111761
0.701725515665869
0.7031946165879607
0.6968869723710126
0.6829420759083178
0.6680896626495129
0.6899793560234448
0.7080594489317225
0.7078209424555005
0.7093185258584658
0.7014570648305324
0.7098117311674891
0.6990411089113574
0.7311755884211087
0.6799475747837559
0.7095383704828757
0.7036548843822682
0.6968585019300739
0.7094061906746576
0.703587109951227
0.706881498479872
0.6934413942754766
0.6969657972189848
0.6829158785646008
0.7157429866385291
0.7149246080025982
0.6963708653003229
0.7248902736096533
0.713774354332972
0.7233529910680744
0.7141904569103117
0.7080574137171449
0.7045709001832042
0.7015362626370147
0.6986762626694442
0.7182980107259593
0.7226048742003749
0.6949348945714473
0.6985263126804928
0.6894032937925504
0.7058896429444265
0.6950548207816112
0.7008587931587238
0.6889553166265053
0.6671883646009902
0.6931474385025311
0.6973646173727216
0.6749616628247389
0.6965797300302585
0.713439910240129
0.6915168339632549
0.6862272194946375
0.6924793989271453
0.7188563285252332
0.7091479756207595
0.682675687644836
0.6811419427290291
0.7147400541443758
0.6862424571235309
0.7008539761999782
0.6874819910028653
0.6702374461580433
0.6971720676495498
0.7202949612245687
0.7135233022394531
0.707736804337945
0.7049811453941166
0.6792942202475577
0.679697284931269
0.6642769297325438
0.6798729205797623
0.6748400165272904
0.6772981612434331
0.6769844212656688
0.7025365417107148
0.6977157739335634
0.6925595660876209
0.6912410977825166
0.6855624403849323
0.6802453110980528
0.7047200575530973
0.7350708779422575
0.7036197194305545
0.6827148556418139
0.683037860781315
0.695779222497437
0.6917552637151455
0.6883416137171948
0.6848003953724167
0.6950940099132019
0.6885520572688837
0.7001987914187824
0.7131394112971752
0.6832145243129013
0.6731484237869693
0.702339859488747
0.6932212969273508
0.7021519731226198
0.7088537155579908
0.7188583948734074
0.688603793304757
0.6781352699837122
0.7100605600750122
0.7079449239609543
0.7021745372416598
0.7151859632104902
0.6870320592764618
0.6737745747869842
0.7174570684387523
0.7174576286724079
0.7155256653084928
0.7120088993685293
0.6633832938516183
0.7040182955556095
0.7075975096536989
0.708066424497746
0.7136025668677412
0.7413916054847101
0.7092130479623608
0.6851870517138319
0.7007336622987955
0.6851710869799678
0.6963225993636306
0.7003473071326565
0.7032879616814262
0.7091752488530755
