301.813459781562
307.55280079570514
288.2807063807332
281.78710629581633
251.01481469723765
283.0421508969467
249.56889832767348
271.71355652560436
279.5150252526452
309.20010251191917
261.979678556157
264.75519355737947
321.0392356983701
309.0244490094775
297.8570871841735
341.919974093728
292.34990112429006
247.323374289513
219.96091315297198
294.11195790604705
291.74536890159254
260.0575321641792
291.0984711923123
274.11938689521327
301.46314211012776
301.4184093831891
294.8345326194584
316.03777488263705
326.2045904246858
281.3146238480328
254.57295373354447
283.46914223424875
268.5836792648051
316.4941898368461
223.99064284221834
277.85981108664095
293.3256562767422
319.2929479518805
277.63258195415074
237.1755296405731
266.3413280305347
257.85947502150196
265.01297092814093
287.69550827998773
201.92457462955068
289.1401956622862
256.62674157148746
167.13180349166296
317.8565895418323
312.20183041061466
274.20721612183564
274.2399976740907
273.85925730309117
287.57408476454964
242.19244060714024
276.82939033588474
294.60299967580863
259.6306005858889
311.17781005857955
295.04200878965673
314.78281178284095
313.4302010340067
317.7406599335679
386.84139886383815
305.19462774101703
264.86557435267406
272.0937729373242
291.7577859512039
300.07499805450175
322.5235167192946
314.8048678229742
295.2804678708065
275.6721960940961
310.1101996109986
280.09057014414896
248.80874504522518
253.38832746977096
278.3847271888265
287.13094202491214
269.21781736994825
264.342107640761
254.42910937266137
289.9362889045313
272.7269290287998
281.69088719555725
289.92801558303887
271.2643904400787
266.0477519136623
281.1894401594895
274.4978047916085
299.58145847926045
282.88982890145957
285.1044060627051
328.6936496646281
279.50615060888344
313.5112431210292
277.2440374548998
278.739361052077
252.54184021139756
268.9098167580551
245.61600778271347
272.88302102726715
278.1432318645193
261.94561139069594
270.69957185653305
288.35528032570613
251.12519518607155
275.1150113304929
287.9485641441129
280.31932707883556
285.710155552095
275.28278731226027
274.9754267523454
334.27877274858366
249.44033754665605
278.81121839411674
249.53552221219843
262.3549329580634
290.8322549332366
286.3522532342668
275.5469146255477
293.095041844974
275.01396606681897
241.69867156217452
306.87628126468564
280.0467604182561
283.7636782254569
250.9910808524776
289.13010082151436
264.9171400908876
299.055780131915
301.36296006789314
233.60676300720422
273.15786667317474
148.33215550852015
237.71041843551185
241.43283626009347
286.1815640968136
289.000267081529
260.06250061112377
234.8863122681784
196.75068165229723
306.4710881931281
317.2620264773981
267.00510855730334
257.48027569817515
232.07691243229894
276.22711778689415
305.80644606220886
290.6840789419837
322.7258962852293
216.05704246479743
301.18967973842257
274.3010057806417
282.84504377701813
290.6567731074202
237.92116426236697
287.5917422529
296.482857691849
287.2821225483871
300.4966125152828
241.42420800706904
325.0279467577886
326.45106449948315
336.8171959831476
321.30451373280454
236.7055384643702
301.0358196182045
303.7193506903537
295.12530683283313
311.8302546242661
269.60575637421834
290.09121784455607
289.56045217531505
281.9901515866389
303.82585918381267
287.4004756273272
265.534273331361
339.0390275037782
338.15472633686755
314.71091562434225
318.05017051572406
250.56059777850513
284.7611391941915
339.83085074475144
314.2715636495293
327.14597508081994
253.06568575771564
262.76545223335415
255.93240842252362
292.46412323197654
270.5416724483623
191.38357294257327
254.3383951235324
265.0950232198721
260.288008511368
269.7489506729004
261.0763527982388
272.31305795109967
276.8919717934397
295.82405957487526
294.8348945867365
287.32515833175796
281.0738180979761
229.27740646066314
203.67754409725552
201.12175831479843
223.13536895954738
235.91279303145274
208.3937652056958
221.962308538126
214.42095372487168
248.60632474218124
231.8230886115935
256.4532474710605
211.5875326820666
196.1028280167971
239.47183371255096
284.6433359354779
227.36302164549537
235.74204082584845
249.73121172537677
255.5073035649397
275.1045922076007
277.46254782074107
270.84013636594875
256.02788742577076
249.21903770801742
222.76714870174376
263.07723165474033
270.6702253465489
215.95064390907717
270.35238069142565
200.3638519675344
281.6560127389319
239.6027626600817
281.1543693084539
240.46736781423706
194.28725946366256
205.63863136409122
189.79909422191815
200.72734970116358
210.96502756270522
235.91200188207569
217.32398112634408
209.4203118954073
230.84737645110042
209.9045463150206
200.41733825275205
237.70413508742126
247.31085041071364
218.1201616129601
208.93253993278904
190.32078618416028
207.02092909695168
240.1119243833369
162.83134639783384
231.35053947360538
209.68823309029545
211.19811020986072
218.38001922924605
202.83756727424623
187.6476807415807
209.9267062554253
268.84728775691116
278.7079419507811
290.4522680641636
229.48698613793164
227.68805472295912
272.33316599762355
259.86578271500866
210.28748170141793
227.06380805958335
231.14625871446177
225.3857078053807
250.64889959114444
183.42212675004086
234.03512766775248
227.29478924395556
210.50057161202986
284.8898777728756
226.10536031900546
213.8636166451003
210.05405631639297
270.68767050249465
231.50418364586037
205.11758496693378
206.60310322913773
275.7103096288249
249.05316670530064
205.70839283001695
238.4712415935272
256.56875976256157
207.8102752332136
199.81770973551917
161.23267057219797
145.16777876019398
155.42657499622933
116.40592566397255
206.7469409770659
181.2883840201666
159.55814832729783
146.61102569178325
173.69039311460284
131.95822447999046
166.94458623339952
248.30769694970434
229.49535043957894
266.0598250632351
216.42022764663483
263.1269718484168
232.90439725230698
235.52391838643135
180.28145078680146
200.89718967960837
221.58389554101961
195.47884772264922
202.8316048555768
244.41881209264562
227.41457377945
249.87913285205326
167.053999895443
224.21306479409125
229.62856517811392
281.1242704355727
266.3734930801066
260.34425187870454
225.5812195121657
209.79751890217776
228.14514516269801
234.64560779695006
193.08807506637024
224.79333829176525
251.99092082136661
207.4832470557964
218.96780095221774
206.98315671732792
198.9815538383904
151.82223071931932
162.4498347709031
247.85086995120724
244.7465920704146
195.3340479522002
229.30595208912226
232.74808770694563
255.915580534573
276.38047595073476
230.92739969379417
237.8467655801468
219.69581559170632
249.77077179104754
224.16575181484615
205.9195009987198
165.52573070671662
227.76443169287984
215.10507501533763
181.84677849261976
211.05770203579385
179.41883654460943
183.17791075134616
171.97940178150282
197.39342399307785
233.57592272023848
214.10126096301826
232.75372905788154
232.87065492788366
208.62149269694123
228.99358191394546
216.3948286422953
183.73362367804285
166.27814086263004
218.64431242914782
244.30198168182673
260.8335364623648
148.6173946480353
160.5425625320257
195.32433414431188
190.0063685276952
186.82707394576175
191.9295831508867
229.78485782496168
211.40230158924263
172.9145674746686
253.2106534131906
296.86362007392927
259.35877084231146
208.23998057068903
231.10841712760669
205.1069827758202
204.99618059531838
209.3024223139886
230.48738307648907
220.2976471569394
230.80493267979452
217.1435249926965
234.95782637234865
206.57551491351109
196.2368353079286
235.08196249926982
202.83830762951
213.82091104031855
192.267433039198
208.37121697108773
182.31272453645087
237.06759022880644
192.5255575683164
206.94030728399198
217.6332387444191
258.75460788905616
202.14879616457108
168.79701833772793
194.10733641415243
169.2650329460278
204.80642017023874
236.90499851217248
323.62163352961926
235.6100928856219
196.77556943219219
216.8376587234816
181.53561331300287
176.26915024068904
195.6965042584757
206.08061556171296
200.39531695718495
228.8401093016613
193.96806955966923
228.81021708819802
225.44358963608525
172.30091335608904
195.28128104673067
201.55718060311736
173.8248204871319
225.54820883513347
165.3462594696358
211.29832914248527
198.0317779805041
263.5327260628774
170.06330926553576
248.28999628724893
244.63956458591463
135.78349259711692
117.39065156370113
120.87027835068466
202.53547815339658
212.03648486408485
206.38079762928018
162.03939798276195
193.58373003993742
254.4945425710266
146.67112615009816
210.3824380340972
160.00167612296477
210.5011026415396
239.4270615761775
204.76168035144136
229.97795534894394
215.78782076444753
233.02391210369663
214.7826279761881
189.5040401032287
236.28923470918286
261.46050827399415
200.79543225718865
189.37332410240714
195.2253624842545
187.51894575870705
239.9437778849847
222.944538529279
225.66094802379817
203.74997065094894
161.39326904475465
239.9771056846487
169.28194833522087
212.46413530220647
176.41321906476085
141.784813876683
163.42459584793508
219.49271851141324
171.99242136980354
184.32412527644163
183.41058686422437
161.3088179392499
179.0461010018978
239.6483394090073
205.01258163377855
250.20983387023998
178.72199219023892
174.68723384481083
209.22197024756306
179.9972730062321
184.91158818993853
198.31119121121978
205.44270366416254
217.7073945720358
210.2124528668047
167.75256095475038
214.3934584064601
256.29731430840087
258.30743684133046
200.04453411783737
246.4556620550815
233.4850088670281
251.78864371660868
167.6538903768226
264.7865449115483
243.61468334287255
185.29145926509145
221.30097848551483
244.6271227921076
239.29990968410732
254.9077075469921
292.4665339331509
255.17702263364905
306.7363295451697
222.24221586270446
211.32461095586962
194.30023685239473
237.67148329893192
245.2468942059863
240.22665136245263
210.07565457370245
172.8052282553666
207.23863613651324
192.4544030236156
204.28301943115633
234.79495041646948
204.90395101971217
253.1530835487201
196.13765140094304
309.575308349377
213.42691935621838
236.77027924648849
192.0852304007504
199.40781740539092
220.85347400950207
263.4235609581941
245.72124708427316
209.46310509637416
196.47601755013693
208.19724037485003
193.17846561912472
192.73901182973566
173.67188386893167
226.74978574759382
152.50023135012646
233.25805530256196
194.65920061988533
172.98952936357364
182.55887056251657
262.20909474502616
230.399860779772
162.6207571335418
196.0146586563765
261.02552905893197
218.54418264996724
220.53518190052347
99.13090125337972
263.3818195816359
192.44641530843532
227.08874691120224
217.862814533666
200.6283962041399
159.400904162665
185.1853484014191
178.54117396258178
253.28581899688314
216.48791046342131
203.33380923938918
166.93171249573766
176.75219414010388
131.95048170068645
126.51482585034391
141.15502467299703
227.82543278831938
181.40340576251987
279.3703077073615
132.2037796404372
187.4706862561998
159.2178714824919
161.2560103972854
148.44439044138886
294.7829970377307
212.63921127474208
145.242713075163
181.41473845045562
182.4937989173192
181.00418261916178
186.04949588004592
221.48235102736663
156.25527042525036
241.852753192359
157.0925492698109
161.91821663814798
162.82886593644818
178.2334712402135
165.7655168862885
183.21929032728428
142.96928436392085
173.5794558626385
232.22114093871016
212.1030743880881
170.99744096576748
177.4929308515668
240.59049087064832
233.42753443574958
171.93686927014
156.77490060381797
159.47513961296173
217.0645768893318
216.4889402256563
221.15471499347615
203.9016926180294
203.95781946727163
198.86121196014457
203.31071681202064
199.8618834760265
198.08947997368634
253.2735437103505
131.62018983013593
145.23057209167715
187.41067708840154
208.83110176330757
127.84389040067562
208.75255076331564
19.86620043775822
21.852629956776543
