185.09352892484222
154.99870255083692
171.24153905913263
160.1751295987435
138.027834689075
177.01528312132712
153.40850926604216
170.227381386664
183.47528432344487
171.19526123263842
186.29877269154733
150.09069233718483
208.53724783831876
206.388099857147
184.42127313444277
274.2582167425846
189.1783998746731
133.62981813263136
136.2661919286672
182.51541571322343
174.51661633113872
154.376390321612
159.1524206217628
166.2581360318129
173.648223885937
181.14152837308205
166.29291818130682
192.04797549315953
260.2775569149391
139.77332416329068
146.94831500019347
169.2661407434818
157.54394677032934
147.77707924092937
117.66898850612135
150.93748382911346
162.79167214673916
206.2507838892661
165.88108189969114
98.59649776513167
160.66700052174497
151.05417297203553
157.27291845103434
147.40798745604056
108.20650773103809
167.6084161993854
141.92478680659144
70.83648060782009
181.44620590540893
169.58220709705847
190.17991687679796
170.2634475888342
157.7792461407589
164.39421075134652
173.4628658980241
175.72045522362825
171.84637890816052
168.05320730295688
175.33107112281746
190.66396607692786
176.61644720482204
195.46640950923984
169.5281623810972
180.95458462721407
178.10449141806941
178.25346816194534
158.47121350433696
164.86968055351008
164.05237773245258
177.2001911666994
185.3874266626133
170.93111986204798
174.17272709976584
177.12846092611434
173.96533819007598
167.915376935493
134.50703154871002
152.4338510764481
172.11205062206386
159.48784396877187
159.30469549586928
154.052086358533
180.78457836838905
159.89472292617415
156.83668816867396
166.89650845413843
154.07655823291003
163.5432535296145
169.1547379322704
170.93657169333437
192.24263157143022
183.26972736473712
166.7172862689437
223.70118795233336
155.74147392989292
225.57339013743436
159.57153444757506
158.1381459743573
135.94971541809642
151.49075720383934
129.96070548201803
160.86227461024558
164.126908996932
147.10542888051708
150.28720539304376
168.32109362740067
136.16739965842234
152.2896101449178
157.6450342148094
172.32617141873752
163.13348654648587
159.49651121486363
159.06845859253443
183.47191145008716
147.32416793112705
168.30059821312673
146.65668952702813
146.61126462041523
161.66272908128298
156.47439790782457
160.47991818614128
171.31770781148424
164.1200127126544
127.68290157501762
176.67906564932994
168.4778866947215
163.07103314994538
131.25439731708002
164.70252908395815
153.38990087524678
159.8281283479562
162.50473981446132
137.84373002273585
159.87209948491153
72.14599518252015
132.10411510140972
126.98137884277239
154.4280380217675
174.01473704886587
180.08543755803018
118.40297287704001
69.07168854617088
182.1320728740978
186.0027439078356
134.43663272374448
140.42639643527588
122.64092293376548
156.34285083650175
174.0292892409578
157.48231202181864
194.0367943850848
111.07169225194323
173.84211314610016
160.10614579397685
163.85071828283057
164.76480402414631
116.57988620818797
167.43760129342448
170.85856667989478
161.38346661008597
174.17577332860895
136.04978545529104
203.66368747934015
196.86357989024998
215.21851768895934
198.8084281750029
134.548044881547
184.42898938526747
180.20226776640587
171.9417825047585
190.83587368273157
144.57535685518093
164.00468186527488
177.63946416976782
166.7073584269546
199.1900919893709
175.6175853405095
163.42756046252836
218.74297157056952
212.03528288113728
193.97002368570665
188.98266701929938
123.99382614550426
164.064467473162
204.01409279620333
178.0810953756096
201.4523485883479
131.73530077347596
141.25250865457411
142.68505547065118
171.6526967686617
142.472313389486
97.88746699951867
142.27716793315213
144.57632390858984
143.05347501954697
146.53805360994767
132.52330938257023
170.69928252297683
148.2407445615114
172.60381566561733
167.73850413332167
160.10057935791139
150.9480620502831
127.89520794510933
115.06411307145551
105.77215023540764
114.03891491989951
122.16523880662994
101.3262257236599
110.54747924779244
103.7809418276877
127.07030729113573
115.38274801866396
118.95004353018378
99.86688996210603
87.67314946815198
119.7737790602651
165.39985369128965
115.6212479984457
119.53883514888363
126.14138397101138
121.91975867856728
150.2706842873295
148.4302036801435
149.9026491455316
124.36636800222233
118.77662083602142
107.94543943794143
125.97689026063385
133.87541193017705
101.35622054932097
136.74190242006023
105.11155999146288
149.6209538710078
110.13422005904269
152.41447513094099
108.54000720838364
100.6064662039369
95.14798632195502
81.49914206714963
100.18631449916292
99.74478652785817
97.71078223044134
89.32146580618304
104.15767253660793
104.74920826147313
105.03122187893055
102.50223490093288
91.58589886994855
111.24888329521995
94.35794531975858
86.32100574005649
85.50629099785505
95.70524894775671
143.9667104205684
84.70430660692327
99.98360599536842
89.49017013558047
95.62411932703517
104.59839766176611
91.73989621564802
88.47557076330803
94.28325920692734
134.65623404983717
135.308674083215
132.58739411228245
107.12026013327588
88.90070015135242
123.21499174756863
129.82108464045274
91.60351236656281
102.69265189143609
111.65923704587811
99.13826106774708
120.37508362876271
82.65914802557351
73.78619860789001
101.22191629973018
92.3315322040283
160.43253083184592
101.41821400127019
82.83618458019686
78.68391966825455
114.0428608368183
98.45380030234449
83.10714858799298
96.55770035746446
105.11505510973552
99.49080425581677
77.52534831056093
91.6440100337988
93.8660762791657
113.09824699821647
78.83247041411258
84.27318676248868
67.4282663743927
78.88878508585039
46.45367972171377
69.12865494634377
66.55720450371061
83.52342363269676
77.16866826877876
82.53103111032794
68.19857706081658
67.773607451324
114.80618990680891
90.24618872494283
109.1061661405983
106.39627337429742
112.42271405054939
106.99796343509986
114.62829281509694
67.90164835011444
85.86834163383824
102.33334262741174
78.60012231753763
108.37914725668514
108.8755687363772
75.515274609656
103.23503292546266
52.70994434504032
63.1546398334892
91.2979429234098
132.48531688522394
108.84922974589703
136.9255929237465
103.8761961077047
84.30361249956448
98.93830323179893
93.40182392163648
89.96948652609919
77.46669017606058
96.62526755140044
96.84114725186316
87.17373923135479
98.53871948835703
83.28969696254558
61.24768573361204
59.01851344194282
104.94567280196777
93.47596642592332
88.49231851780925
121.2213633901456
107.84159166725824
96.04229420209886
101.81554920019994
101.3365128584884
104.13099762409668
113.12080809866445
108.80848296043335
87.04402445648779
80.34742888357597
66.14469102871645
82.90835630116362
84.14292268750448
76.9641853704394
104.85037279012519
74.20796028991434
81.92640282326295
68.1837829342445
78.71140430800695
100.68609823729642
86.72959703396167
103.76662576020225
101.23577739079323
90.58486188533792
87.53018397280773
94.07756460652868
80.00336439584969
72.58919350765989
83.17089331376879
91.63424948801621
123.70058607649435
48.92627074069312
67.457044497062
67.14009955747002
94.1232633893403
73.8550396770913
80.52300477128945
92.99777616326108
81.74672545245707
73.03158858287024
104.59267320469738
155.7490402566396
92.49445150549488
98.18569772532044
100.75086847947033
102.56054921543446
89.89685187684039
104.53730835057434
103.58251665446002
111.02607441951199
113.49926873738708
83.75630058791972
97.95556029466653
93.45128992756324
84.39900259921698
97.79832044181128
74.31474087644764
71.02848001558755
70.81841214781089
84.94097411831102
71.20699555912279
102.95876857339118
67.88221277459313
90.84602675903963
84.9162661682459
106.24193765381541
84.60204620032131
64.37547558297945
72.13948999712751
66.10303761525037
85.44700633915596
105.07100886943563
141.9748373501267
105.36219863138413
80.23906644269562
88.41910652626879
78.51571241296203
72.7273257717758
73.51296838798902
72.27747959551711
82.68506240895243
76.67637265953321
89.76655970830319
68.7333769889226
78.72603011200943
63.76898845166808
73.27994935479019
66.8646357379241
66.37853955909273
87.3199719207922
57.822612071324215
67.89773654364856
69.72874329698283
89.40504309134317
61.657781414249605
93.8197638754664
85.32792018135625
35.07490240997105
40.20214858717552
41.549999064608485
73.49634161362536
82.71901245600186
93.90150403001475
55.71068244812356
74.37484479545591
124.51207099848037
53.590507238618336
71.42997235267825
60.861110559865956
93.88381525758727
128.58284064284814
75.12292352735662
105.33890294097363
94.16602291628669
81.82215427083112
91.57883957204345
84.6852912449878
85.37909450224466
99.85980533188304
73.71310312032516
74.80974153757013
60.29660586487021
73.59449495496723
91.13367195934008
83.9326905618889
87.17298405871031
87.12167077817502
55.87234508334865
85.97835060945394
65.16030335012071
84.50931772074584
75.20302558359683
59.686171099774
58.953957518216306
70.58294297024004
59.054172120562555
91.5304880642227
66.40431358288303
62.901824919730814
78.95288710182089
91.13764397164472
64.11300522283126
75.61887718025876
73.59531401915929
68.36300534027207
80.04520850508312
70.78366479550075
83.65950827471644
68.77993291927831
80.1844975887635
106.63880167180257
91.1222756144356
69.90185444346173
73.36484749073271
82.50999133595397
110.78681956763177
79.04815409916222
103.48166645826207
88.57869951555512
89.90075335398976
70.75223442211413
75.7853468200246
81.1382980046666
70.68616086474077
105.4488946356785
110.21864610296161
81.45719763259468
109.67816551583178
111.04527798736017
97.07343151638115
106.20779961252276
82.17911694914557
76.86355106987946
74.70134714736295
82.25620158968309
120.06847302868267
105.93310437056586
84.69650265078758
68.77888545530124
86.0644181702908
71.14235593267504
74.03372961698375
119.82894979981336
50.42971802593253
72.51413351117831
60.25522708165922
77.14745262817932
58.46958346682772
51.73625670747385
61.5299925114567
54.577645919399025
58.482247459301576
70.36674014330457
74.92098405508523
46.068918299074724
52.36502570395607
60.60770121016829
52.10814675838084
51.629919906153496
41.01412174812815
59.42392783059163
45.03922812868368
60.157200880872445
56.22501981135043
48.8548685172838
48.52650151310219
65.05843195770639
60.67378909999605
44.73126053290661
52.81753390201153
57.553484069457824
54.75868843656912
51.04228564611476
32.34318440064109
52.72614444945588
46.932267452934404
56.31368112927681
46.27176843326907
40.069723095963695
47.988833600458065
49.85332672909689
40.28508435457944
57.25486745051469
56.14575230210159
56.93672240918494
49.70123457782392
46.22698640525083
40.061486495687454
38.11459384261418
38.092394235919485
50.808627670743896
51.33375672304602
68.29163879500769
41.66138582261688
43.69603706703395
43.04201886896228
47.012695597997705
41.189627301455204
91.08259717013435
61.931466890835026
38.852115584628265
45.40430174546098
51.071008085321594
46.93317854660668
45.350196405817876
53.763853172145986
37.52257315788046
59.833500152230464
37.39158038912387
35.77930948939411
42.81656843690918
45.417175360124894
44.4054581684544
50.682083290922954
38.77775628213203
46.53768941987213
64.41017431529377
57.34811417407222
51.02641287495217
45.79404594697758
57.84639160026664
50.24082802647516
45.54902520344799
37.86145493537311
48.50596460932758
59.438319684265416
56.549109137449754
59.71786782904026
50.64538176448766
56.347524096848
50.32581978046969
53.627371078120724
55.38233334391071
52.1302241575004
64.148243995902
42.50297478064112
48.89188772206215
53.44690970924088
64.8490193758873
45.18153509660662
55.62653725555873
44.85994543079364
44.92806771083376
