239.74685311671738
229.34889174710997
239.29229224246248
218.61233584474056
187.3123697366977
242.57080730695714
233.70097924732087
233.8423255744878
262.2113495111546
194.90953576661627
250.84184601537788
217.55940968318313
261.56436329913623
238.81052195240218
243.88290096427082
358.83712476992866
261.8360656866534
204.92947956057495
174.52576297178294
239.7699737726654
232.5913096144655
194.87689009597244
225.98990612096793
230.83796056245285
231.7518697951074
251.8273654809958
239.36433556709855
264.06254095527953
314.7833883653188
220.2309963838931
187.35542687891953
219.93070900236083
225.2432621704243
219.60327792437266
164.6649423260504
214.95365840774042
230.20468764174373
266.1706966981198
220.2533060887107
148.09221878030635
214.54291852682493
199.76808894318756
217.1535433424773
234.87411583569443
177.54908403278114
216.14063719812725
200.78179152521062
124.06066319482875
245.46792884655216
241.541189146518
239.0289176533794
215.59387361391174
210.82028884789867
212.84725807865948
188.3669242617575
225.07863840597636
236.42311219003514
222.61269109232003
244.78064108100162
204.37766204704278
259.72494124791183
262.9505688143216
255.5487810864684
270.5924663654894
237.42579010595256
211.78905618940365
228.84090002161307
225.612625808845
232.51440060772774
233.0993209020464
247.18208371714846
227.20296383851513
221.84231583903053
243.7474311672815
216.66698744257383
209.31272221318034
198.46924517286365
209.25048790051795
235.0209532238696
222.37240255217287
217.43083993335728
201.04001559409346
211.32368754106187
217.11188729307003
213.84201308657504
232.2766821883279
213.55683767433572
206.698355654432
221.78107939341882
219.26889203854782
247.9444918574337
228.5779410323293
214.6901533541746
303.6683928336735
222.1615497453556
240.77140391570012
223.94730542572503
223.10443972552414
193.3067942678508
213.39558398756296
184.951900672312
219.0202481676764
220.75855904292445
209.7972730962378
210.17578354670545
218.60225707198995
191.29980534484162
216.23090231526265
222.94216694737042
228.40788280091914
231.2674430937852
216.44511896477334
223.90697635111775
282.0549221229275
196.18294655377235
227.05866556130368
207.42105779722283
203.67807625390842
229.33708382264146
215.72622930242656
213.65816714976881
228.5222940678693
237.4284692006305
181.34842003656422
245.46862493255696
232.09929787030833
232.50659555647192
177.11292158504207
221.56542544887103
200.41320182720554
228.1078913142529
229.85316834720393
184.82090139174994
222.6297284766191
94.15538920303841
186.57993258452802
182.21929024635307
223.15512627281433
229.4941705015353
234.47208861525579
161.9349485115493
125.64434079116977
242.37447453667804
248.4715394307705
197.06406503915773
197.20318108258053
158.4737127895358
221.1932743221111
239.0751957934298
230.29273147982641
263.09129246307566
170.14257971332376
239.84633379286728
220.3501360791173
225.9349613831338
224.374794500277
172.1968207560113
229.2438039415947
240.1829095759881
224.6915578095888
238.3756577967871
185.2773236055288
265.58388039946624
262.6854708336768
276.7994055417636
267.3674672517868
187.12862203378268
243.0051157567211
240.83427179729094
231.33023266422816
249.72618532914194
203.17636186141993
235.11573582408312
242.26368326863854
227.17314651056483
254.24762456570542
231.55963159227505
214.39342449107616
284.79029380111666
278.42409551565737
254.49110523624356
255.91240562575499
187.3427945660185
224.37742211233387
270.145273470661
246.24088323664222
267.4938905976438
187.52281042417619
197.24718479999044
197.1047925822327
225.9250831274447
202.54791885842764
130.82636229958922
202.12131786140577
203.78442294632404
201.5340029784443
201.91399617180883
201.7434832672443
219.93791477947755
216.78949948666767
237.89477254284088
223.46067392083216
228.5537019648484
219.0002348819607
174.75828604949592
152.08626208395214
158.14647692900252
172.39684079410515
192.4034179587018
160.08045662781115
172.06924907415737
158.0626925416679
176.94196226647495
166.5390131816528
196.62731198146838
149.0605195304028
131.54966477549453
180.46349311407826
247.29505766827768
171.14445789786657
169.33687789566574
186.32306745378094
181.64710508520938
206.6995351189209
216.99515120624298
217.30108216450643
198.56133677624015
196.24119647462376
170.6459631374425
199.67750801727433
204.08327703135524
138.68184224845396
208.0186959405395
145.58778380575868
215.88373309051119
162.92498112124105
244.5719329143299
157.77116841139247
151.7196458915255
146.23978031439944
123.57007750308789
150.89276387704535
164.5729888969721
159.69722798417683
155.80242368901236
147.99055205912063
161.12080734989837
150.16264154040888
146.21849206561447
153.61112603991305
184.40498839189542
147.89641975307362
139.50136683123333
132.3583408088414
151.38870935578188
186.66727711858
125.15727729143528
154.63006538957032
153.42265525881757
140.49919371204697
158.80608911964373
145.84371733030414
133.1849415769091
138.553932927464
203.21706519587195
207.4264860248545
238.74090105779325
168.26027282894958
144.46001997464472
187.85849406551324
186.56273352851866
139.0681559686997
151.37678322828864
175.14083314142843
144.33235956371087
191.91356226473258
117.3480453396533
151.38045710504906
151.82634123244767
135.06526589165722
220.69528883480282
164.7917669424351
132.91375661670082
138.62891725458516
194.48113961356472
157.19692846773984
129.44118186512657
140.91014371059745
197.02914901259246
162.66976396980226
124.47951910241989
155.8379908702813
159.37663522098526
166.46753504875818
124.40377713966802
117.13607231715764
93.53267703611874
112.53131513269824
79.44455344069746
118.98522737645916
116.3319456816596
113.82445956495327
110.03431230452922
122.81663421605697
119.04058878513183
123.38182954507386
159.44487098701458
151.57854664803284
187.5834425976599
154.34966930751304
177.6127264366165
155.53116407055953
160.59705155815217
113.17560430367897
138.55527641204804
153.46807501151528
132.8100465580823
155.53597150302775
162.3097598497322
129.0949192989616
168.05369086241092
94.23323568335766
111.51268987266226
138.77354292578954
226.7056384315681
176.4968677311058
200.25083114646097
156.99961168239872
137.06079000404938
162.1444012116049
160.42782129550088
136.78402684048808
146.99655396584947
173.10774109652118
134.01964901752393
135.44150845134004
134.0370070734278
144.9678642095495
99.5926920135968
127.37339921454542
169.02232263996552
158.44325324184607
147.07844433666625
178.9844400686914
177.03914854325956
171.47382660550986
189.22538448647092
163.15720823910308
151.68840220006715
128.00699922124508
165.18183909754026
155.90709542413887
140.72160170528278
104.02301773524137
169.2559164159027
146.28629894478863
120.95453041354224
149.05450900626184
115.66035222920199
130.5519485760342
105.89328434283797
128.82019451581542
169.07936140979118
131.9406638189786
162.33173627714646
174.59705913758393
147.59321897761097
137.15068340667565
157.13203947317376
106.8181382779556
107.72325326993419
142.89939015346238
161.31087119571364
178.44980314816723
88.1123356688767
102.06013671709742
137.74393548423276
142.57633111982412
121.35047055050657
114.82721854391197
161.16351842165557
142.1314180997438
104.49354399533355
188.2654443235337
214.94482022176288
164.84228178439406
142.96889688674761
166.002829782402
154.39242018967147
134.75387881670045
148.02171212683396
163.7427927429911
148.30270299869463
160.9634821929678
132.78938579838595
166.98671557199393
142.9854264753002
136.79260774219625
163.2273471622002
130.7459183801838
125.00926619778645
111.97360580632036
129.1013860315917
115.71718484154336
167.21137434465902
106.65016408837654
154.5898987772344
147.73577467209557
184.92809714379686
118.39178144817113
119.66925309773848
120.23430824208715
125.64443420438909
154.81859782272394
154.92934327578445
227.57857230200068
151.60357033953196
146.86975959263125
145.0992250237588
128.3037852036401
119.39303104394301
133.20892234208404
121.78074191019337
121.9969539778115
187.2203356513865
132.56562473675092
137.2718076668013
142.13262083681326
119.03918732450468
115.99316143304921
124.3667969607052
111.71407053245592
137.74389059310116
99.72307076119486
124.07688749446676
130.0717311248679
174.67758597650504
110.0379527437697
158.77154012949435
156.78603874151364
67.39774861601856
79.12349223077368
70.82624206138715
122.36353782106951
146.0804898004963
156.27421872541387
108.24812418045043
139.64171373944154
183.8855758937472
94.92523533174051
123.85507927903521
98.7883830432649
156.79107066378614
184.84538212114649
136.2579939076299
168.72419229103258
158.0136530432775
145.6354660644286
137.85317989636306
133.5047250249103
148.91869269565964
159.37858003658528
131.95331664972971
123.4890425325611
105.71514561064734
137.14067876962713
164.62328707452605
161.44880468249147
148.5099004549354
130.38793088059103
102.15919786662242
161.70707265114288
116.07226660401268
133.97367880458611
135.85076029534386
106.35551972735179
109.48351414180361
108.9235131076981
130.16503851479607
135.32892669037116
119.56192577651159
105.85710215006425
122.5063375319665
191.33634750854543
139.26270247458385
142.95785579353017
121.83024511733078
114.9774603293797
145.05313155996637
113.07775265919958
124.07704377762603
137.49680454318553
128.73880626936258
159.55760635280964
148.23682488691625
120.51435258160512
164.17008232589856
172.21833126365843
189.5075178817092
135.4545325646854
169.6866203519375
152.16796713755488
180.37005348229275
127.06546879675943
132.84848025300835
139.798023208559
123.89312796751288
171.561955963888
169.15914443219677
167.59015417154347
187.29211588479063
214.3963070128844
155.82598137102815
194.02128967069714
127.06048443890012
139.56058860073023
132.51515877513813
123.93058059934197
189.8445940658945
166.07149484927635
143.2083747012053
119.65029349136559
142.0254296843955
123.46961169956424
134.22796687025226
167.95260743562568
141.5650675814762
185.34246772684708
138.07599314878547
198.59402160559938
133.6320513852043
163.77587438031006
140.2284437441815
136.09653539002588
160.6355110316039
180.86945969897423
189.14707480943576
141.49796169397825
126.0022463882266
145.41716230851014
134.17002274914407
124.51998114454167
129.22839763845897
148.60168352993358
97.93763299806176
154.92404615693292
142.97358621202835
106.53189783006117
119.18417408678714
200.49290942618242
179.29544306571887
105.7917377759289
131.26055479572406
164.827130021738
142.62988580108768
140.7293916316841
71.03879848963508
161.31002003998137
119.37342193960644
138.81475611289048
103.03940298847043
146.08836281254105
109.27495565556877
118.95803729427462
118.35498088218846
161.77384077890449
141.3266966497596
131.7778948097576
102.10601601816656
126.91073051324523
93.89508928599754
88.56643013035243
89.41344767617554
118.49810311623442
108.55402755391052
150.2644246197912
92.92748509449926
115.57553275620403
108.20782323622603
120.88641280989455
102.63655626509944
203.2836242654906
131.44411739763424
97.45264467588424
101.46314316441332
123.1363418235862
107.81852313614165
114.86203606452183
135.80267365286426
93.09878340994953
193.85647508201993
98.59533337778431
105.72219336202161
104.27366868944068
96.27457909190903
105.19448800372528
122.19735333002308
99.73703117256053
104.7497439189938
128.36044498891061
138.73418399444077
122.33353206301592
109.46581232273756
150.6946789990491
147.12782942940262
106.59779038602039
84.23656672835183
88.46359832924885
136.0560874585497
114.96951760344238
134.56400489567812
114.0894570772229
116.03348866623197
101.45511397095615
102.41546979511016
106.28491935249372
36.4107567456975
38.214225005055965
28.90326679477702
30.058279419174244
37.254810234280455
40.54020665499175
29.907984750612965
34.98433198110959
30.46950567177611
30.979235498957454
