311.53622545995
336.6611635935345
317.87406483112153
308.17725605091886
301.63464184671255
317.29730588994835
284.9099290788063
311.8063165116929
359.6157213921913
300.2179531234544
298.27544999610353
298.5034174810043
368.31133318448883
330.67194630359296
320.09000946851893
355.7953304388445
333.0030447841384
262.54093514563937
235.3991332679193
328.0580318514651
321.19803543628603
279.05935585886533
307.7112194500761
300.1965164514678
326.6021485864407
321.47659769505856
309.1082376532361
346.7848099408212
326.87807937180054
310.86484876983786
292.72585988532654
317.9528337018466
295.7135919237275
334.6866300497566
260.9161346868131
307.06739642191604
324.7289871258781
343.8715569147771
307.32743580300587
271.62108042755824
297.79504556471915
310.7725753527975
298.454290505471
300.53704777105884
234.85697281704194
321.0523787002007
283.0048587140742
203.2662736344112
348.47823315854464
338.15767653729694
301.1907576213544
300.9332441666632
311.70894349839375
305.9838911791393
337.4112881301545
318.114493947453
317.5815331958444
279.46023434223895
342.0298720649213
326.34245205534404
332.9050605652912
331.15954794432776
355.4627699058789
414.9585809400199
323.99581730486005
296.4361343963674
303.0886504603324
318.9239382586867
313.51000872268503
343.5587125194793
334.53766926701735
324.9936986086455
302.49590379732115
334.98780662533875
317.42944433935264
297.3572543688226
278.27417719110616
303.2700215616244
312.4873013757802
294.8979932350754
295.89200661020317
284.19015477018297
331.70894109892674
297.33365553608843
309.70401192398504
321.53295295227844
301.3978535941909
292.29726662636915
308.99262949094407
302.6203386404404
326.81596293616246
315.431239963911
319.93292345601617
309.09522137726344
310.37666511816565
305.51588415533735
307.88235528194673
306.10862030480126
290.3640900652348
299.5292570650044
286.4924001449439
307.13530993979975
308.6379601959613
292.8309147536365
301.96351623707653
318.06278478133754
283.7973401275076
304.7153671901539
317.63418119713964
307.5083511092866
317.481574965461
306.9255785367055
307.94600930854483
339.28162816706055
291.8656962718584
309.24192877991504
284.86780582618445
282.5375282455103
320.2735550871595
320.4284239106447
305.1123727023649
327.2311210259868
320.302222235602
279.73601106983955
340.8998439185767
307.15624418960357
312.8539006187705
281.8980230701904
318.38558443971147
302.0282965811299
327.61356767005583
330.0493110874166
275.1363042867265
301.6989839754195
185.18195524168087
268.79308988227586
266.2672648322515
314.1724952175777
318.2113604799908
310.35461407880695
259.3470881594161
230.82925914027913
331.04728204071245
343.65422936863337
289.10733616044246
286.86880296160183
261.6180792533639
306.309537590013
332.1240972674238
309.8313721406419
357.64080463682484
231.53769504082425
333.2509929803571
302.80051689256004
315.3766061759219
323.01474608858865
275.5259357590196
326.65161259867097
333.3123453144128
321.2788646567001
342.0274743616456
272.74336127150923
357.7783271917545
367.3491225367581
369.75844455391183
355.676928866458
274.0768938087592
335.5693584976132
340.67977259663274
332.01732773342206
347.9061700577059
286.0623808676649
317.97138101933336
324.2771126310844
312.67816506515464
333.05384521422343
314.6380885038294
315.3834340685427
367.7820910408614
369.1102246352407
352.61598779177814
348.046615269432
274.3271433982721
318.0089897123241
365.96807182686587
343.50958525162366
355.1359115712845
270.71609115409154
299.1257576903352
291.088457785928
322.1719637487635
305.8277936417757
229.13540807952276
290.64090895850126
298.3080099194287
291.7495351098294
305.38135285192857
291.51289420456675
293.44856908959895
314.26110039215325
329.6769292955016
327.26828412885976
316.93574247591
314.21614147007267
263.11078058177856
226.57815560966395
230.1851198847378
256.7066101904476
267.23069139880675
252.47935692434424
270.94883326777864
247.25249621156627
282.19909008930796
261.0855151887798
297.1787837557337
242.34218829368686
233.9510320191582
262.92985198817036
314.53612550063224
254.26523610075085
263.3131409292612
287.9016981921696
288.3755407575051
309.489232107931
307.3990319201775
306.08636103024713
301.5158599310205
294.4991651839095
258.2599604039724
302.66927997117295
302.56438313123044
256.4282920566296
307.2242289823965
242.56040845703382
312.390190664864
269.1508785882026
317.7260168507759
271.3676356727529
217.76867716637958
247.0798760278799
225.39016361474137
249.25457157839497
257.9165350017009
279.125241163797
255.53070405273567
232.60311943561237
259.666183016696
236.60089617509948
242.2484245482073
276.63059338299405
281.4777158352171
251.11324402271566
238.73979726223874
230.08422121118403
245.0097916242584
273.81823192139905
191.56969685309494
257.7637269458969
234.45037913042145
248.2634285927638
239.12407290626413
231.40999828392165
216.57283435902133
240.57912596235826
295.54722878261623
304.77570553165435
329.30258380257925
254.91293353407966
266.24384942234923
298.6762938870313
286.3073605883479
255.8831348946108
249.56355632428242
261.3246616681259
251.1899469774683
273.2649508249742
221.77696848443924
257.8695519719349
251.0598501948195
244.38697872928688
305.5933514222083
255.03980113674953
229.51588823956575
238.57477508475327
302.53874073247965
250.07718958246056
236.6689459359906
236.7253835081308
308.4450614856307
275.80115614073685
223.25634231989213
262.1159168644574
276.0711557607241
212.8423539308745
241.35484359648314
187.90927303291247
163.50316132915145
180.5632739275482
130.63756434502366
233.61902751866296
201.04798564072524
179.97086695501662
164.3764273300804
206.0550779958655
154.964012815189
193.16912225172754
274.0297925849926
259.3915072361867
317.9509939710432
256.01211471446356
282.3660100822372
267.883535389159
263.302155292581
233.1013910764556
245.15844315501468
260.0741121279911
235.61971617092317
249.73826359184744
277.72502306244763
255.7080319692854
282.362442525169
183.45310464802472
218.052986078564
249.11715584669025
323.2638728575608
299.8288909404686
291.28486717479365
249.39297978416462
235.2003389650462
269.1336755230701
261.1374420369839
233.17841982854856
255.6331927879372
284.57120037610656
228.40314007245163
235.92049985461153
233.73664561986013
233.22107556541022
185.1291552535244
177.28511619094388
280.2271433934237
266.87548062970626
225.4176344278599
283.8467945022562
253.8121707884739
276.1372912094407
313.13722576938477
258.19142647928123
276.32222173327784
278.630402441616
275.8352903937186
248.9284685727221
226.62724470794447
180.85722183340198
260.0652580821342
237.95084684645548
212.2331384275304
265.2501969594328
195.42208526783193
214.24056369918642
193.13419046431227
236.34584395817063
264.129779079477
247.15631254665055
266.4465876519751
268.8055726336366
241.28007085090053
266.5129319267487
262.2597671407243
230.45841273245853
191.5234239272575
244.28490799590847
280.12453808062867
285.51038346201113
183.02903352215182
189.71075210906724
226.30889806104483
227.09499153508307
220.4334052301224
214.6569365081418
260.66272196472454
239.0822074128644
203.8999491874626
285.5543881104946
343.8148264634315
266.372062724167
225.6800527732041
266.8186326818578
273.3895638897376
241.94554993165687
242.12189517373065
262.7780761329927
256.61901758994634
240.45123865836143
246.74532668265778
262.4955981778117
237.95315073592124
222.40004144976203
267.5036102024423
238.98988356375375
251.74358234597543
223.77303955708723
238.17379854241005
207.95372501341802
277.6336045804109
213.16407589027995
242.25908468965778
247.15045425285484
287.6770331684897
233.07929520374475
196.45924818966088
231.00525404196281
197.10901362699136
247.47420658210712
273.3424790659029
345.97692787523835
253.4355047276578
235.65325881453538
247.7501152947893
209.07296210945833
201.84765027222176
230.8011188692137
237.48474288494015
230.18942863739562
254.5656721714128
224.9898656574
257.19222350477054
256.63315355636536
208.36717890172116
227.65800498144299
238.59962035202992
213.06688817829433
257.5979509305594
201.0386338387807
239.52611032619114
229.58289208312294
293.69536024933467
213.71620009056457
306.9873383307764
276.36984538416544
163.92120076925136
136.8491774244286
156.5291118847513
232.35617507451028
251.15706711068643
253.22578527959254
196.0352005663895
218.43859643811606
293.74647001692847
176.76410875957754
235.00059712204677
178.72198924636464
256.9824289618018
272.37572734782987
237.36971058967893
269.99506455082644
259.03132169407
267.76987334254454
246.1571753803899
225.06177239802904
275.59032098382016
290.7728505893833
240.6431170050875
216.00855709035153
211.56107151139244
223.3299937306757
264.98267324890423
250.81745584348457
256.26323686569856
241.2779729096023
203.08207926752695
275.2937594687983
208.25727111508326
249.2171723508702
205.16488952053012
178.85613593204448
201.17826817763537
270.6035652432808
223.86196995578823
220.2453500412824
214.15267880939857
192.6642460626329
207.64584132572935
268.80241514641557
226.0973644001292
276.1913383426732
213.9577229803656
205.57657646438088
236.89501577951674
214.85301681346215
219.890608668287
229.96589414439973
254.60345352201333
247.95388165966375
241.30822240265715
203.1189018786783
265.6337453701016
290.9597573541013
274.3707959880145
239.04530155186177
274.8040450123612
266.9913666357114
285.3440940739596
216.83533254113092
309.86718423736545
267.26262209260216
225.17611598193963
262.5298127773532
279.2380645768727
274.4786967244486
291.1087066958103
328.2822480980641
283.3179883675123
334.4857894830666
234.00864125972907
239.88706904729054
237.94410171482906
260.5630000994709
270.908013288933
257.85384225881455
241.12058183282585
208.51575431202542
237.21847454471512
224.60905981470134
243.31147400623956
271.8090180561493
234.6006726534993
280.83719702721874
238.89826868121932
342.1007720260361
250.62636859126474
264.8908891616416
223.75408060048827
232.17544363328335
252.15562936299668
284.26561225651847
301.04681430926337
237.6970148397802
229.04971597030604
235.63539041656495
223.44002424368304
222.43106818015087
209.10573637716038
261.83395070738175
169.06756195787943
267.3610135179815
221.3049244204197
209.89085146377803
213.90409933115026
295.38738541610206
224.6299820495484
187.28425442896247
227.7556516602491
281.48546087648083
252.6940986865254
251.25824967541536
128.12050594131807
288.6829772624556
231.2130081229011
269.15751752287406
242.77541165658408
219.1313469087851
196.9488805546344
211.02634033357805
202.98174196476927
278.7963579895971
242.94007400039538
241.51636110068293
193.74354443076618
225.5940772564428
164.65162137105932
159.17234300268314
169.29981885035448
265.0249806287037
208.06250354243053
309.2085754959722
178.50079149363003
217.38435064704532
185.0833646470649
194.70662468292545
184.30720002874915
299.94766455831746
241.58912382457552
173.52446012288198
204.7496034837745
214.6933868241895
214.0222490941223
202.42359111760717
238.2076556492919
182.14663924348596
277.9777104677336
191.46761899768865
203.84396062495725
188.25153093665094
203.63276955324596
196.69829108102797
203.30397514555742
186.33065941842284
203.71914505437968
262.15145002670084
240.72087971183774
236.1505626928558
205.35770157169537
260.61908800699473
253.8674787549136
198.64288502338158
185.24454907457772
198.76980910056827
257.1883453789022
246.7112709469659
251.59844986779743
236.9935105692084
240.98177549727163
231.7833033334894
238.83585966480186
230.82511953214234
229.7516385568072
278.62178053532756
169.33228847257004
174.59876664683793
228.50765137230482
238.94760675153174
157.96511570002346
238.35317121153912
174.4235777449745
18.188995805040335
