0.03174639618590725
0.009327851584341533
0.01837343577902655
0.030239522582663998
0.02978138089637534
0.04906024360991549
0.003378523525427241
0.05154419663889284
0.004242695995298733
0.002909525401074873
0.005198062544905408
0.04229668269622278
0.028949777740694987
0.014601909195692927
0.06468048669598463
0.009045584194685015
0.04381875531275523
0.022212272278355188
0.0340305907545123
0.13531464402610902
0.06261559217626655
0.0501914844561543
0.06550557598882675
0.044761094136685456
0.014413007173384333
0.04838497316235259
0.03207860319065685
0.028823843059155925
0.00671145001098689
0.02939489170130719
0.03729837861168968
0.02653313462771265
0.07078397617540363
0.005221946708645574
0.019252807262187237
0.04677822032892318
0.02825279441700466
0.05315746333516048
0.050627913266315536
0.02356715574870647
0.04545590617276304
0.04739052343571655
0.063134529915712
0.02183229694612526
0.017719878207591074
0.009416874376463973
0.0625309119593696
0.0236453221027652
0.054890150850128945
0.025586453228556943
0.02584266516686055
0.052156499745686216
0.05886143589383488
0.025417092794763032
0.007365007582422365
0.02415991726698516
0.039704165286608306
0.013383816844944416
0.053556980255905086
0.00736066500719688
0.050278335960664
0.06421800243447048
0.006246794461860008
0.006833042117300467
0.07176539817636321
0.026459310848879404
0.045809826053640056
0.0171379731273761
0.07147227434864298
0.015424827200922312
0.04739052343571655
0.02771865766427002
0.017854498039581106
0.06987637795327728
0.07289881031021476
0.01738767120284148
0.07205200814124521
0.09550408564647633
0.09610118973998051
0.10173133851982166
0.07509398208669738
0.09672869186006307
0.010098658686865101
0.12717665805355036
0.10295377344579566
0.13944443306554516
0.18172591674847874
0.0625309119593696
0.1971854845512049
0.16960361800653767
0.15498216722233008
0.16101400421052858
0.024433499506190705
0.008867538610440135
0.22957023929525847
0.01862313385449193
0.32572788251317025
0.15661497550711237
0.17431965470141425
0.16942557242229278
0.024770049086165785
0.1703114577682917
0.29327581785312173
0.2327251201965732
0.2667947941281149
0.08545536657470432
0.17743328113808693
0.25667442256512235
0.24980229727079253
0.008513618729563117
0.25123534709520257
0.29521260640368796
0.19730490536990575
0.019495991474814393
0.18037537585335292
0.18100722054866097
0.10358778942871645
0.02336305471310868
0.18243158522262
0.24222016092709592
0.07340037774875827
0.21259945531406352
0.005908073594272186
0.721449392510706
0.22688435651829605
0.2536454763453467
0.2287950896175094
0.06077651156827371
0.30373925285892756
0.0705929028654823
0.3633106998021292
0.27706064196116115
0.13356892878546409
0.3098709690773122
0.003167908626991224
0.15662366065756336
0.2695132462192684
0.1545848215891982
0.19143808624027567
0.01560938664800542
0.0722604517520685
0.005595408178037275
0.13848906651593848
0.13407266751162034
0.015433512351373281
0.19677728248000934
0.02412734795279402
0.16890012082000913
0.194942544447242
0.14018484214149032
0.23430798886626247
0.028122517160240116
0.22472392534361732
0.21540910148495224
0.2702493127199881
0.14946275411073878
0.05232151760425464
0.23683319635988193
0.17743328113808693
0.2582681476728753
0.3003173035812455
0.06379025877476022
0.31235492210628957
0.23935840385350138
0.20044892983315682
0.20637437372833095
0.035624315862265256
0.4459216796041409
0.34181495243597904
0.11953589694430969
0.30195445444125324
0.09576246887239269
0.28777160375481964
0.25908238052765376
0.3624508699074832
0.31850400862557615
0.04472201095965609
0.04672610942621736
0.29283070389250954
0.37651864235044147
0.33867961312317896
0.3623792174162627
0.08478660998997964
0.2677870725671382
0.46783865676716313
0.5135507748782298
0.4403219288508782
0.047590281896088854
0.42930698679143575
0.21432345767858102
0.3335010921667882
0.38410729255697634
0.020551237254607217
0.5475661666194529
0.5164451012660155
0.6020003470709059
0.4297499294644352
0.11551684357312343
0.17294957221777377
0.3018545752110671
0.6266053782985033
0.051099082678280644
0.5291579902386224
0.5538129610813128
0.03642334970375447
0.027008646614903244
0.04128269138107206
0.07470966417924196
0.05394998331381147
0.013231826712052445
0.022151476225198398
0.09400589719368405
0.16680265698609992
0.11689561120721488
0.045277860588518154
0.055439486616152785
0.03114712080479034
0.07765610146973345
0.03372661048872836
0.08220494901842887
0.11628982196325974
0.10207005938740948
0.05798206441067419
0.07399096797942421
0.12402177715223557
0.12807339983761298
0.146594483174306
0.15065913358535987
0.08554221807921401
0.2379014698653512
0.22639798809304174
0.02200165737991917
0.19555701884164808
0.131006809402428
0.18182579597866488
0.0788090551920997
0.024112148939504825
0.04049017140242107
0.0377956034750077
0.062476629769051044
0.062426690153957964
0.057465297958841484
0.05344407330004248
0.06802209833199524
0.0650018372626705
0.04225977080680616
0.06919242235526342
0.052197754210328316
0.03870754427235952
0.08569855078733146
0.039697651423770075
0.06875816483271494
0.0341326412723112
0.09559962230143701
0.0752025464673345
0.03172468330977983
0.024804789687969665
0.0816946964294344
0.040005974264779504
0.07368264513841478
0.08431761186562728
0.06960279571407174
0.02776208341652487
0.06329086262382946
0.0999117995003435
0.0666845851625459
0.011286353011035217
0.0639075083058483
0.0028053035956632356
0.09212121954582361
0.08450651388793587
0.0669711951274279
0.07267951026132778
0.09780565051598332
0.05164190458146625
0.07394102836433114
0.03033723052523741
0.0071457075335353785
0.07130291391484907
0.07217577153517153
0.03570899607916221
0.035313821733643086
0.03666219134115614
0.011375375803157657
0.04326507697150591
0.12575229337959132
0.03953046227758891
0.014732186452457472
0.025241218498130893
0.08585488349544892
0.02578838297654199
0.05426482001765912
0.047260246178952005
0.038227689709943447
0.025510458162110956
0.05532875094790292
0.015587673771877995
0.01678405324649908
0.005452103195596273
0.046997520377810166
0.049739856632703874
0.039243852312706905
0.0773868618057534
0.09848309225115896
0.025391037343410125
0.0770285993496509
0.05237145721934772
0.060950214577293105
0.06526022048858686
0.0938495644855666
0.0729769766642735
0.05476204488097714
0.0338720867587821
0.22528411754770486
0.23452728891514946
0.2294595036270086
0.22471958276839182
0.019502505337652618
0.03988655344607867
0.028817329196317697
0.11410116404961536
0.01926366370025095
0.008331230570092753
0.052317175029029155
0.17474305578589905
0.03255411517784744
0.053038042516459646
0.012806254339954927
0.062383264401703116
0.1255264794678661
0.13364275256429733
0.026874026782913212
0.0859764756017625
0.09581240848748576
0.040008145552392245
0.02188440784883108
0.04466990005695027
0.1390166894058349
0.0846975871978572
0.009019528743332107
0.14151149887287595
0.04745131948887334
0.04876711978219526
0.08305826505023665
0.047240704590437325
0.023762571633853292
0.052147814595235244
0.11593590208238272
0.04285253232508485
0.014575853744340016
0.046474240063139244
0.07246672407527902
0.041276177518233835
0.013640028783248024
0.06560762650662565
0.07376949664292448
0.0761644268797794
0.03973022073796122
0.033136020258062414
0.04219897475364937
0.06206191383501724
0.06783536759729938
0.08282159470044773
0.024214199457303718
0.17585258375601043
0.0998814014737651
0.09516753606650126
0.18201904057619897
0.0941361744504486
0.03761972917837556
0.021278618604875937
0.09232314929380867
0.011251612409231337
0.022238327729708098
0.09076850736308507
0.09174341550120643
0.07994680990117674
0.10136873348849368
0.08940711002989556
0.030452308768712757
0.09116802428382968
0.07880037004164872
0.07528722668423145
0.09990528563750527
0.01675365521992069
0.019528560789005528
0.11769898762392958
0.09690890873192069
0.005043901124400694
0.054534059681639185
0.05153116891321639
0.09485921322549183
0.05902862504001605
0.02369743300547102
0.07532630986126082
0.08758974229803013
0.10640177817483065
0.038486072935859796
0.1019940643209635
0.11374507288112559
0.016074042197132304
0.08105199529606263
0.033350977731723914
0.07799265104970854
0.10266499219330091
0.051885088794093405
0.08386815532978958
0.08032027137056844
0.017845812889130137
0.006448724209845055
0.06365781023038293
0.29829583481378225
0.06408772517770593
0.09134172729284908
0.07262957064623471
0.01934400134192242
0.0407832952301413
0.08847997021925454
0.05825130407465425
0.11255303598173
0.17946560634361386
0.20567304782941512
0.0847236426492101
0.05378713674285579
0.008459336539244557
0.013972235787997618
0.023519387421226137
0.04281562043566822
0.16682871243745284
0.04364505230373584
0.09300710489182253
0.09137429660704022
0.05660329677658273
0.0913634401689765
0.07268168154894052
0.053179176211287905
0.005762597324218442
0.08136466071229755
0.05342670299914054
0.046710910412928165
0.01141445898018702
0.013548834703512841
0.035863157499666926
0.025008890723567455
0.05697892953358718
0.07542836037905971
0.10344882702150093
0.10841239050423015
0.10196149500677236
0.035146632587461916
0.01746800884451295
0.037007426071582195
0.022841945686050497
0.012806254339954927
0.04334324332556464
0.09490046769013394
0.08926814762268004
0.1270463807967858
0.050219711195119955
0.02991165815313989
0.05883755173009471
0.04785083640961795
0.1066189069361049
0.06111523243586153
0.015978505542171634
0.28272336005519344
0.26867947177597534
0.2733195134044059
0.09919527458813848
0.025525657175400156
0.07226913690251946
0.1032838091629325
0.05548725494363312
0.06740328136236365
0.013833273380782102
0.05144431740870669
0.09473327854395278
0.01579611738270127
0.06937263922712104
0.01855148136327143
0.06816106073921076
0.0749159365024525
0.07668119333161211
0.028300562744484996
0.07058204642741858
0.017142315702601583
0.0969349641832736
0.09785993270630189
0.32020195553874076
0.04458304855244057
0.050769046961143795
0.09300927617943527
0.05140306294406458
0.07068626823283022
0.08437189405594583
0.074700979028791
0.051648418444304484
0.06977649872309113
0.047312357081657826
0.11163892389676543
0.09565607577936831
0.07382595012085579
0.07569325746781429
0.06649351185262456
0.061599429573503096
0.02615098800786998
0.11846110957600219
0.11045991472304628
0.08512098828234198
0.09824207932614455
0.09492000927864862
0.056392681878146715
0.1794373796046482
0.01935268649237339
0.020661972922857083
0.1078673973134318
0.01545088265227522
0.050389071628913866
0.04995915668159086
0.04001683070284322
0.11024495724938478
0.3252176299241758
0.29272431079948513
0.05392175657484582
0.09250988002850451
0.02524556107335638
0.05046940927058533
0.014228447726301226
0.07586044661399546
0.02207113858352693
0.0641724053946029
0.06283489222515355
0.03083662667616817
0.08171640930556183
0.041082932920699755
0.05917627259768253
0.021261248303974
0.05745444152077777
0.10448453121277908
0.14955829076569943
0.09682639980263648
0.0862782845799337
0.330257188473351
0.10560925819617967
0.0057734537622821545
0.1513105198691826
0.07075357814882523
0.047711874002402434
0.1025260297860854
0.05285348306937654
0.016421448215171094
0.07932365035631965
0.038651090794428224
0.031214430720785353
0.07055599097606567
0.05804720303905646
0.023243633894407846
0.03255628646546018
0.08294535809437405
0.01664726212689631
0.0581058278046005
0.2424546599892721
0.10850792715919083
0.10816703500399026
0.35207428640618704
0.024772220373778527
0.08095862992871472
0.069887234391341
0.03314904798373887
0.04810053448508333
0.02137198397222386
0.14441885298633808
0.10500346895222452
0.020638088759116918
0.022770293194829996
0.024033982585446097
0.15205961409557875
0.039361101843795
0.08869492769291604
0.05337024952120924
0.15772233218961104
0.029857375962821328
0.01608055605997053
0.19173338135560866
0.018762096261707446
0.13823719715286034
0.09787513171959109
0.06098278389148424
0.0637946013499857
0.13272646919172004
0.040870146734650996
0.14825986077327946
0.36518452101192594
0.06545346508612093
0.044496197047930876
0.14363936073336356
0.025480060135532563
0.01994110543542659
0.1573076162555772
0.03630827146027912
0.04715602437354037
0.011384060953608626
0.16118553593193521
0.04087448930987648
0.03567425547735833
0.19605641499257886
0.022963537792364073
0.0329406043729156
0.01995630444871579
0.08306477891307489
0.11723867465002819
0.11181045561817209
0.042967610568560195
0.10840587664139192
0.1141901868417378
0.11996146931640721
0.12323577103642282
0.07072752269747233
0.10006378963323546
0.04059656449544545
0.03968245241048088
0.050886296492231885
0.12880078118788169
0.12803431666058362
0.12011345944929919
0.15747263411414564
